2011/04/17 16:29:11 [error] [exception.CHttpException.404] exception 'CHttpException' with message 'The system is unable to find the requested action "contact".' in /Users/alex/gonzai/projects/go/gmap/ColorMap/framework/web/CController.php:477
Stack trace:
#0 /Users/alex/gonzai/projects/go/gmap/ColorMap/framework/web/CController.php(262): CController->missingAction('contact')
#1 /Users/alex/gonzai/projects/go/gmap/ColorMap/framework/web/CWebApplication.php(328): CController->run('contact')
#2 /Users/alex/gonzai/projects/go/gmap/ColorMap/framework/web/CWebApplication.php(121): CWebApplication->runController('site/contact')
#3 /Users/alex/gonzai/projects/go/gmap/ColorMap/framework/base/CApplication.php(155): CWebApplication->processRequest()
#4 /Users/alex/gonzai/projects/go/gmap/ColorMap/app/index.php(13): CApplication->run()
#5 {main} REQUEST_URI=/index.php?r=site/contact
2011/04/17 16:29:13 [error] [exception.CHttpException.404] exception 'CHttpException' with message 'The system is unable to find the requested action "login".' in /Users/alex/gonzai/projects/go/gmap/ColorMap/framework/web/CController.php:477
Stack trace:
#0 /Users/alex/gonzai/projects/go/gmap/ColorMap/framework/web/CController.php(262): CController->missingAction('login')
#1 /Users/alex/gonzai/projects/go/gmap/ColorMap/framework/web/CWebApplication.php(328): CController->run('login')
#2 /Users/alex/gonzai/projects/go/gmap/ColorMap/framework/web/CWebApplication.php(121): CWebApplication->runController('site/login')
#3 /Users/alex/gonzai/projects/go/gmap/ColorMap/framework/base/CApplication.php(155): CWebApplication->processRequest()
#4 /Users/alex/gonzai/projects/go/gmap/ColorMap/app/index.php(13): CApplication->run()
#5 {main} REQUEST_URI=/index.php?r=site/login
2011/04/17 16:40:03 [error] [exception.CHttpException.404] exception 'CHttpException' with message 'Unable to resolve the request "test".' in /Users/alex/gonzai/projects/go/gmap/ColorMap/framework/web/CWebApplication.php:332
Stack trace:
#0 /Users/alex/gonzai/projects/go/gmap/ColorMap/framework/web/CWebApplication.php(121): CWebApplication->runController('test')
#1 /Users/alex/gonzai/projects/go/gmap/ColorMap/framework/base/CApplication.php(155): CWebApplication->processRequest()
#2 /Users/alex/gonzai/projects/go/gmap/ColorMap/app/index.php(13): CApplication->run()
#3 {main} REQUEST_URI=/test
2011/04/17 16:52:30 [error] [exception.CHttpException.404] exception 'CHttpException' with message 'Unable to resolve the request "script/map.js".' in /Users/alex/gonzai/projects/go/gmap/ColorMap/framework/web/CWebApplication.php:332
Stack trace:
#0 /Users/alex/gonzai/projects/go/gmap/ColorMap/framework/web/CWebApplication.php(121): CWebApplication->runController('script/map.js')
#1 /Users/alex/gonzai/projects/go/gmap/ColorMap/framework/base/CApplication.php(155): CWebApplication->processRequest()
#2 /Users/alex/gonzai/projects/go/gmap/ColorMap/app/index.php(13): CApplication->run()
#3 {main} REQUEST_URI=/script/map.js
2011/04/17 16:56:42 [error] [exception.CHttpException.404] exception 'CHttpException' with message 'Unable to resolve the request "script/map.js".' in /Users/alex/gonzai/projects/go/gmap/ColorMap/framework/web/CWebApplication.php:332
Stack trace:
#0 /Users/alex/gonzai/projects/go/gmap/ColorMap/framework/web/CWebApplication.php(121): CWebApplication->runController('script/map.js')
#1 /Users/alex/gonzai/projects/go/gmap/ColorMap/framework/base/CApplication.php(155): CWebApplication->processRequest()
#2 /Users/alex/gonzai/projects/go/gmap/ColorMap/app/index.php(13): CApplication->run()
#3 {main} REQUEST_URI=/script/map.js
2011/04/17 16:57:10 [error] [exception.CHttpException.404] exception 'CHttpException' with message 'Unable to resolve the request "script/map.js".' in /Users/alex/gonzai/projects/go/gmap/ColorMap/framework/web/CWebApplication.php:332
Stack trace:
#0 /Users/alex/gonzai/projects/go/gmap/ColorMap/framework/web/CWebApplication.php(121): CWebApplication->runController('script/map.js')
#1 /Users/alex/gonzai/projects/go/gmap/ColorMap/framework/base/CApplication.php(155): CWebApplication->processRequest()
#2 /Users/alex/gonzai/projects/go/gmap/ColorMap/app/index.php(13): CApplication->run()
#3 {main} REQUEST_URI=/script/map.js
2011/04/17 17:33:33 [error] [exception.CHttpException.404] exception 'CHttpException' with message 'Unable to resolve the request "favicon.ico".' in /Users/alex/gonzai/projects/go/gmap/ColorMap/framework/web/CWebApplication.php:332
Stack trace:
#0 /Users/alex/gonzai/projects/go/gmap/ColorMap/framework/web/CWebApplication.php(121): CWebApplication->runController('favicon.ico')
#1 /Users/alex/gonzai/projects/go/gmap/ColorMap/framework/base/CApplication.php(155): CWebApplication->processRequest()
#2 /Users/alex/gonzai/projects/go/gmap/ColorMap/app/index.php(13): CApplication->run()
#3 {main} REQUEST_URI=/favicon.ico
2011/04/18 00:05:00 [error] [exception.CHttpException.404] exception 'CHttpException' with message 'Unable to resolve the request "favicon.ico".' in /Users/alex/gonzai/projects/go/gmap/ColorMap/framework/web/CWebApplication.php:332
Stack trace:
#0 /Users/alex/gonzai/projects/go/gmap/ColorMap/framework/web/CWebApplication.php(121): CWebApplication->runController('favicon.ico')
#1 /Users/alex/gonzai/projects/go/gmap/ColorMap/framework/base/CApplication.php(155): CWebApplication->processRequest()
#2 /Users/alex/gonzai/projects/go/gmap/ColorMap/app/index.php(13): CApplication->run()
#3 {main} REQUEST_URI=/favicon.ico
2011/04/18 00:05:04 [error] [exception.CHttpException.404] exception 'CHttpException' with message 'Unable to resolve the request "favicon.ico".' in /Users/alex/gonzai/projects/go/gmap/ColorMap/framework/web/CWebApplication.php:332
Stack trace:
#0 /Users/alex/gonzai/projects/go/gmap/ColorMap/framework/web/CWebApplication.php(121): CWebApplication->runController('favicon.ico')
#1 /Users/alex/gonzai/projects/go/gmap/ColorMap/framework/base/CApplication.php(155): CWebApplication->processRequest()
#2 /Users/alex/gonzai/projects/go/gmap/ColorMap/app/index.php(13): CApplication->run()
#3 {main} REQUEST_URI=/favicon.ico
2011/04/18 00:45:03 [error] [php] file_get_contents(http://kuler-api.adobe.com/rss/get.cfm?listtype=random&amp;key=7D69552CCFAE21806D92F8D7962ADB3C&amp;itemsPerPage=1) [<a href='function.file-get-contents'>function.file-get-contents</a>]: failed to open stream: Operation timed out (/Users/alex/gonzai/projects/go/gmap/ColorMap/app/protected/controllers/SiteController.php:37)
Stack trace:
#0 /Users/alex/gonzai/projects/go/gmap/ColorMap/framework/web/CController.php(300): CInlineAction->runWithParams()
#1 /Users/alex/gonzai/projects/go/gmap/ColorMap/framework/web/CController.php(278): SiteController->runAction()
#2 /Users/alex/gonzai/projects/go/gmap/ColorMap/framework/web/CController.php(257): SiteController->runActionWithFilters()
#3 /Users/alex/gonzai/projects/go/gmap/ColorMap/framework/web/CWebApplication.php(328): SiteController->run()
#4 /Users/alex/gonzai/projects/go/gmap/ColorMap/framework/web/CWebApplication.php(121): CWebApplication->runController()
#5 /Users/alex/gonzai/projects/go/gmap/ColorMap/framework/base/CApplication.php(155): CWebApplication->processRequest()
#6 /Users/alex/gonzai/projects/go/gmap/ColorMap/app/index.php(13): CWebApplication->run()
REQUEST_URI=/kuler
in /Users/alex/gonzai/projects/go/gmap/ColorMap/app/protected/controllers/SiteController.php (37)
in /Users/alex/gonzai/projects/go/gmap/ColorMap/app/index.php (13)
2011/04/18 00:46:03 [error] [php] file_get_contents(http://kuler-api.adobe.com/rss/get.cfm?listtype=random&amp;key=7D69552CCFAE21806D92F8D7962ADB3C&amp;itemsPerPage=1) [<a href='function.file-get-contents'>function.file-get-contents</a>]: failed to open stream: Operation timed out (/Users/alex/gonzai/projects/go/gmap/ColorMap/app/protected/controllers/SiteController.php:37)
Stack trace:
#0 /Users/alex/gonzai/projects/go/gmap/ColorMap/framework/web/CController.php(300): CInlineAction->runWithParams()
#1 /Users/alex/gonzai/projects/go/gmap/ColorMap/framework/web/CController.php(278): SiteController->runAction()
#2 /Users/alex/gonzai/projects/go/gmap/ColorMap/framework/web/CController.php(257): SiteController->runActionWithFilters()
#3 /Users/alex/gonzai/projects/go/gmap/ColorMap/framework/web/CWebApplication.php(328): SiteController->run()
#4 /Users/alex/gonzai/projects/go/gmap/ColorMap/framework/web/CWebApplication.php(121): CWebApplication->runController()
#5 /Users/alex/gonzai/projects/go/gmap/ColorMap/framework/base/CApplication.php(155): CWebApplication->processRequest()
#6 /Users/alex/gonzai/projects/go/gmap/ColorMap/app/index.php(13): CWebApplication->run()
REQUEST_URI=/kuler
in /Users/alex/gonzai/projects/go/gmap/ColorMap/app/protected/controllers/SiteController.php (37)
in /Users/alex/gonzai/projects/go/gmap/ColorMap/app/index.php (13)
2011/04/18 00:48:31 [error] [php] Undefined variable: matches (/Users/alex/gonzai/projects/go/gmap/ColorMap/app/protected/controllers/SiteController.php:40)
Stack trace:
#0 /Users/alex/gonzai/projects/go/gmap/ColorMap/framework/web/CController.php(278): SiteController->runAction()
#1 /Users/alex/gonzai/projects/go/gmap/ColorMap/framework/web/CController.php(257): SiteController->runActionWithFilters()
#2 /Users/alex/gonzai/projects/go/gmap/ColorMap/framework/web/CWebApplication.php(328): SiteController->run()
#3 /Users/alex/gonzai/projects/go/gmap/ColorMap/framework/web/CWebApplication.php(121): CWebApplication->runController()
#4 /Users/alex/gonzai/projects/go/gmap/ColorMap/framework/base/CApplication.php(155): CWebApplication->processRequest()
#5 /Users/alex/gonzai/projects/go/gmap/ColorMap/app/index.php(13): CWebApplication->run()
REQUEST_URI=/kuler
in /Users/alex/gonzai/projects/go/gmap/ColorMap/app/protected/controllers/SiteController.php (40)
in /Users/alex/gonzai/projects/go/gmap/ColorMap/app/index.php (13)
2011/04/18 01:27:34 [error] [php] trim() expects parameter 1 to be string, array given (/Users/alex/gonzai/projects/go/gmap/ColorMap/app/protected/controllers/SiteController.php:49)
Stack trace:
#0 /Users/alex/gonzai/projects/go/gmap/ColorMap/framework/web/CController.php(300): CInlineAction->runWithParams()
#1 /Users/alex/gonzai/projects/go/gmap/ColorMap/framework/web/CController.php(278): SiteController->runAction()
#2 /Users/alex/gonzai/projects/go/gmap/ColorMap/framework/web/CController.php(257): SiteController->runActionWithFilters()
#3 /Users/alex/gonzai/projects/go/gmap/ColorMap/framework/web/CWebApplication.php(328): SiteController->run()
#4 /Users/alex/gonzai/projects/go/gmap/ColorMap/framework/web/CWebApplication.php(121): CWebApplication->runController()
#5 /Users/alex/gonzai/projects/go/gmap/ColorMap/framework/base/CApplication.php(155): CWebApplication->processRequest()
#6 /Users/alex/gonzai/projects/go/gmap/ColorMap/app/index.php(13): CWebApplication->run()
REQUEST_URI=/kuler
in /Users/alex/gonzai/projects/go/gmap/ColorMap/app/protected/controllers/SiteController.php (49)
in /Users/alex/gonzai/projects/go/gmap/ColorMap/app/index.php (13)
2011/04/18 09:32:01 [error] [exception.CHttpException.404] exception 'CHttpException' with message 'Unable to resolve the request "[object Object]".' in /Users/alex/gonzai/projects/go/gmap/ColorMap/framework/web/CWebApplication.php:332
Stack trace:
#0 /Users/alex/gonzai/projects/go/gmap/ColorMap/framework/web/CWebApplication.php(121): CWebApplication->runController('[object Object]')
#1 /Users/alex/gonzai/projects/go/gmap/ColorMap/framework/base/CApplication.php(155): CWebApplication->processRequest()
#2 /Users/alex/gonzai/projects/go/gmap/ColorMap/app/index.php(13): CApplication->run()
#3 {main} REQUEST_URI=/%5Bobject%20Object%5D
2011/05/08 21:25:36 [error] [exception.CHttpException.404] exception 'CHttpException' with message 'Unable to resolve the request "favicon.ico".' in /Users/alex/gonzai/projects/go/gmap/ColorMap/framework/web/CWebApplication.php:332
Stack trace:
#0 /Users/alex/gonzai/projects/go/gmap/ColorMap/framework/web/CWebApplication.php(121): CWebApplication->runController('favicon.ico')
#1 /Users/alex/gonzai/projects/go/gmap/ColorMap/framework/base/CApplication.php(155): CWebApplication->processRequest()
#2 /Users/alex/gonzai/projects/go/gmap/ColorMap/app/index.php(13): CApplication->run()
#3 {main} REQUEST_URI=/favicon.ico
2011/05/08 21:25:40 [error] [exception.CHttpException.404] exception 'CHttpException' with message 'Unable to resolve the request "favicon.ico".' in /Users/alex/gonzai/projects/go/gmap/ColorMap/framework/web/CWebApplication.php:332
Stack trace:
#0 /Users/alex/gonzai/projects/go/gmap/ColorMap/framework/web/CWebApplication.php(121): CWebApplication->runController('favicon.ico')
#1 /Users/alex/gonzai/projects/go/gmap/ColorMap/framework/base/CApplication.php(155): CWebApplication->processRequest()
#2 /Users/alex/gonzai/projects/go/gmap/ColorMap/app/index.php(13): CApplication->run()
#3 {main} REQUEST_URI=/favicon.ico
2011/05/08 22:45:30 [error] [exception.CHttpException.404] exception 'CHttpException' with message 'Unable to resolve the request "js/jquery-ui-1.8.12.custom.min.js".' in /Users/alex/gonzai/projects/go/gmap/ColorMap/framework/web/CWebApplication.php:332
Stack trace:
#0 /Users/alex/gonzai/projects/go/gmap/ColorMap/framework/web/CWebApplication.php(121): CWebApplication->runController('js/jquery-ui-1....')
#1 /Users/alex/gonzai/projects/go/gmap/ColorMap/framework/base/CApplication.php(155): CWebApplication->processRequest()
#2 /Users/alex/gonzai/projects/go/gmap/ColorMap/app/index.php(13): CApplication->run()
#3 {main} REQUEST_URI=/js/jquery-ui-1.8.12.custom.min.js
2011/05/08 22:45:31 [error] [exception.CHttpException.404] exception 'CHttpException' with message 'Unable to resolve the request "js/jquery-ui-1.8.12.custom.min.js".' in /Users/alex/gonzai/projects/go/gmap/ColorMap/framework/web/CWebApplication.php:332
Stack trace:
#0 /Users/alex/gonzai/projects/go/gmap/ColorMap/framework/web/CWebApplication.php(121): CWebApplication->runController('js/jquery-ui-1....')
#1 /Users/alex/gonzai/projects/go/gmap/ColorMap/framework/base/CApplication.php(155): CWebApplication->processRequest()
#2 /Users/alex/gonzai/projects/go/gmap/ColorMap/app/index.php(13): CApplication->run()
#3 {main} REQUEST_URI=/js/jquery-ui-1.8.12.custom.min.js
2011/05/08 22:45:43 [error] [exception.CHttpException.404] exception 'CHttpException' with message 'Unable to resolve the request "js/jquery-ui-1.8.12.custom.min.js".' in /Users/alex/gonzai/projects/go/gmap/ColorMap/framework/web/CWebApplication.php:332
Stack trace:
#0 /Users/alex/gonzai/projects/go/gmap/ColorMap/framework/web/CWebApplication.php(121): CWebApplication->runController('js/jquery-ui-1....')
#1 /Users/alex/gonzai/projects/go/gmap/ColorMap/framework/base/CApplication.php(155): CWebApplication->processRequest()
#2 /Users/alex/gonzai/projects/go/gmap/ColorMap/app/index.php(13): CApplication->run()
#3 {main} REQUEST_URI=/js/jquery-ui-1.8.12.custom.min.js
2011/05/08 22:45:44 [error] [exception.CHttpException.404] exception 'CHttpException' with message 'Unable to resolve the request "js/jquery-ui-1.8.12.custom.min.js".' in /Users/alex/gonzai/projects/go/gmap/ColorMap/framework/web/CWebApplication.php:332
Stack trace:
#0 /Users/alex/gonzai/projects/go/gmap/ColorMap/framework/web/CWebApplication.php(121): CWebApplication->runController('js/jquery-ui-1....')
#1 /Users/alex/gonzai/projects/go/gmap/ColorMap/framework/base/CApplication.php(155): CWebApplication->processRequest()
#2 /Users/alex/gonzai/projects/go/gmap/ColorMap/app/index.php(13): CApplication->run()
#3 {main} REQUEST_URI=/js/jquery-ui-1.8.12.custom.min.js
2011/05/08 23:00:55 [error] [exception.CHttpException.404] exception 'CHttpException' with message 'Unable to resolve the request "js/jquery-ui-1.8.12.custom.min.js".' in /Users/alex/gonzai/projects/go/gmap/ColorMap/framework/web/CWebApplication.php:332
Stack trace:
#0 /Users/alex/gonzai/projects/go/gmap/ColorMap/framework/web/CWebApplication.php(121): CWebApplication->runController('js/jquery-ui-1....')
#1 /Users/alex/gonzai/projects/go/gmap/ColorMap/framework/base/CApplication.php(155): CWebApplication->processRequest()
#2 /Users/alex/gonzai/projects/go/gmap/ColorMap/app/index.php(13): CApplication->run()
#3 {main} REQUEST_URI=/js/jquery-ui-1.8.12.custom.min.js
2011/05/08 23:00:56 [error] [exception.CHttpException.404] exception 'CHttpException' with message 'Unable to resolve the request "js/jquery-ui-1.8.12.custom.min.js".' in /Users/alex/gonzai/projects/go/gmap/ColorMap/framework/web/CWebApplication.php:332
Stack trace:
#0 /Users/alex/gonzai/projects/go/gmap/ColorMap/framework/web/CWebApplication.php(121): CWebApplication->runController('js/jquery-ui-1....')
#1 /Users/alex/gonzai/projects/go/gmap/ColorMap/framework/base/CApplication.php(155): CWebApplication->processRequest()
#2 /Users/alex/gonzai/projects/go/gmap/ColorMap/app/index.php(13): CApplication->run()
#3 {main} REQUEST_URI=/js/jquery-ui-1.8.12.custom.min.js
2011/05/08 23:01:47 [error] [exception.CHttpException.404] exception 'CHttpException' with message 'Unable to resolve the request "js/jquery-ui-1.8.12.custom.min.js".' in /Users/alex/gonzai/projects/go/gmap/ColorMap/framework/web/CWebApplication.php:332
Stack trace:
#0 /Users/alex/gonzai/projects/go/gmap/ColorMap/framework/web/CWebApplication.php(121): CWebApplication->runController('js/jquery-ui-1....')
#1 /Users/alex/gonzai/projects/go/gmap/ColorMap/framework/base/CApplication.php(155): CWebApplication->processRequest()
#2 /Users/alex/gonzai/projects/go/gmap/ColorMap/app/index.php(13): CApplication->run()
#3 {main} REQUEST_URI=/js/jquery-ui-1.8.12.custom.min.js
2011/05/08 23:01:48 [error] [exception.CHttpException.404] exception 'CHttpException' with message 'Unable to resolve the request "js/jquery-ui-1.8.12.custom.min.js".' in /Users/alex/gonzai/projects/go/gmap/ColorMap/framework/web/CWebApplication.php:332
Stack trace:
#0 /Users/alex/gonzai/projects/go/gmap/ColorMap/framework/web/CWebApplication.php(121): CWebApplication->runController('js/jquery-ui-1....')
#1 /Users/alex/gonzai/projects/go/gmap/ColorMap/framework/base/CApplication.php(155): CWebApplication->processRequest()
#2 /Users/alex/gonzai/projects/go/gmap/ColorMap/app/index.php(13): CApplication->run()
#3 {main} REQUEST_URI=/js/jquery-ui-1.8.12.custom.min.js
2011/05/08 23:02:08 [error] [exception.CHttpException.404] exception 'CHttpException' with message 'Unable to resolve the request "js/jquery-ui-1.8.12.custom.min.js".' in /Users/alex/gonzai/projects/go/gmap/ColorMap/framework/web/CWebApplication.php:332
Stack trace:
#0 /Users/alex/gonzai/projects/go/gmap/ColorMap/framework/web/CWebApplication.php(121): CWebApplication->runController('js/jquery-ui-1....')
#1 /Users/alex/gonzai/projects/go/gmap/ColorMap/framework/base/CApplication.php(155): CWebApplication->processRequest()
#2 /Users/alex/gonzai/projects/go/gmap/ColorMap/app/index.php(13): CApplication->run()
#3 {main} REQUEST_URI=/js/jquery-ui-1.8.12.custom.min.js
2011/05/08 23:02:08 [error] [exception.CHttpException.404] exception 'CHttpException' with message 'Unable to resolve the request "js/jquery-ui-1.8.12.custom.min.js".' in /Users/alex/gonzai/projects/go/gmap/ColorMap/framework/web/CWebApplication.php:332
Stack trace:
#0 /Users/alex/gonzai/projects/go/gmap/ColorMap/framework/web/CWebApplication.php(121): CWebApplication->runController('js/jquery-ui-1....')
#1 /Users/alex/gonzai/projects/go/gmap/ColorMap/framework/base/CApplication.php(155): CWebApplication->processRequest()
#2 /Users/alex/gonzai/projects/go/gmap/ColorMap/app/index.php(13): CApplication->run()
#3 {main} REQUEST_URI=/js/jquery-ui-1.8.12.custom.min.js
2011/05/08 23:02:14 [error] [exception.CHttpException.404] exception 'CHttpException' with message 'Unable to resolve the request "js/jquery-ui-1.8.12.custom.min.js".' in /Users/alex/gonzai/projects/go/gmap/ColorMap/framework/web/CWebApplication.php:332
Stack trace:
#0 /Users/alex/gonzai/projects/go/gmap/ColorMap/framework/web/CWebApplication.php(121): CWebApplication->runController('js/jquery-ui-1....')
#1 /Users/alex/gonzai/projects/go/gmap/ColorMap/framework/base/CApplication.php(155): CWebApplication->processRequest()
#2 /Users/alex/gonzai/projects/go/gmap/ColorMap/app/index.php(13): CApplication->run()
#3 {main} REQUEST_URI=/js/jquery-ui-1.8.12.custom.min.js
2011/05/08 23:02:15 [error] [exception.CHttpException.404] exception 'CHttpException' with message 'Unable to resolve the request "js/jquery-ui-1.8.12.custom.min.js".' in /Users/alex/gonzai/projects/go/gmap/ColorMap/framework/web/CWebApplication.php:332
Stack trace:
#0 /Users/alex/gonzai/projects/go/gmap/ColorMap/framework/web/CWebApplication.php(121): CWebApplication->runController('js/jquery-ui-1....')
#1 /Users/alex/gonzai/projects/go/gmap/ColorMap/framework/base/CApplication.php(155): CWebApplication->processRequest()
#2 /Users/alex/gonzai/projects/go/gmap/ColorMap/app/index.php(13): CApplication->run()
#3 {main} REQUEST_URI=/js/jquery-ui-1.8.12.custom.min.js
2011/05/08 23:02:36 [error] [exception.CHttpException.404] exception 'CHttpException' with message 'Unable to resolve the request "js/jquery-ui-1.8.12.custom.min.js".' in /Users/alex/gonzai/projects/go/gmap/ColorMap/framework/web/CWebApplication.php:332
Stack trace:
#0 /Users/alex/gonzai/projects/go/gmap/ColorMap/framework/web/CWebApplication.php(121): CWebApplication->runController('js/jquery-ui-1....')
#1 /Users/alex/gonzai/projects/go/gmap/ColorMap/framework/base/CApplication.php(155): CWebApplication->processRequest()
#2 /Users/alex/gonzai/projects/go/gmap/ColorMap/app/index.php(13): CApplication->run()
#3 {main} REQUEST_URI=/js/jquery-ui-1.8.12.custom.min.js
2011/05/08 23:02:37 [error] [exception.CHttpException.404] exception 'CHttpException' with message 'Unable to resolve the request "js/jquery-ui-1.8.12.custom.min.js".' in /Users/alex/gonzai/projects/go/gmap/ColorMap/framework/web/CWebApplication.php:332
Stack trace:
#0 /Users/alex/gonzai/projects/go/gmap/ColorMap/framework/web/CWebApplication.php(121): CWebApplication->runController('js/jquery-ui-1....')
#1 /Users/alex/gonzai/projects/go/gmap/ColorMap/framework/base/CApplication.php(155): CWebApplication->processRequest()
#2 /Users/alex/gonzai/projects/go/gmap/ColorMap/app/index.php(13): CApplication->run()
#3 {main} REQUEST_URI=/js/jquery-ui-1.8.12.custom.min.js
2011/05/08 23:02:49 [error] [exception.CHttpException.404] exception 'CHttpException' with message 'Unable to resolve the request "js/jquery-ui-1.8.12.custom.min.js".' in /Users/alex/gonzai/projects/go/gmap/ColorMap/framework/web/CWebApplication.php:332
Stack trace:
#0 /Users/alex/gonzai/projects/go/gmap/ColorMap/framework/web/CWebApplication.php(121): CWebApplication->runController('js/jquery-ui-1....')
#1 /Users/alex/gonzai/projects/go/gmap/ColorMap/framework/base/CApplication.php(155): CWebApplication->processRequest()
#2 /Users/alex/gonzai/projects/go/gmap/ColorMap/app/index.php(13): CApplication->run()
#3 {main} REQUEST_URI=/js/jquery-ui-1.8.12.custom.min.js
2011/05/08 23:02:49 [error] [exception.CHttpException.404] exception 'CHttpException' with message 'Unable to resolve the request "js/jquery-ui-1.8.12.custom.min.js".' in /Users/alex/gonzai/projects/go/gmap/ColorMap/framework/web/CWebApplication.php:332
Stack trace:
#0 /Users/alex/gonzai/projects/go/gmap/ColorMap/framework/web/CWebApplication.php(121): CWebApplication->runController('js/jquery-ui-1....')
#1 /Users/alex/gonzai/projects/go/gmap/ColorMap/framework/base/CApplication.php(155): CWebApplication->processRequest()
#2 /Users/alex/gonzai/projects/go/gmap/ColorMap/app/index.php(13): CApplication->run()
#3 {main} REQUEST_URI=/js/jquery-ui-1.8.12.custom.min.js
2011/05/08 23:02:53 [error] [exception.CHttpException.404] exception 'CHttpException' with message 'Unable to resolve the request "js/jquery-ui-1.8.12.custom.min.js".' in /Users/alex/gonzai/projects/go/gmap/ColorMap/framework/web/CWebApplication.php:332
Stack trace:
#0 /Users/alex/gonzai/projects/go/gmap/ColorMap/framework/web/CWebApplication.php(121): CWebApplication->runController('js/jquery-ui-1....')
#1 /Users/alex/gonzai/projects/go/gmap/ColorMap/framework/base/CApplication.php(155): CWebApplication->processRequest()
#2 /Users/alex/gonzai/projects/go/gmap/ColorMap/app/index.php(13): CApplication->run()
#3 {main} REQUEST_URI=/js/jquery-ui-1.8.12.custom.min.js
2011/05/08 23:02:54 [error] [exception.CHttpException.404] exception 'CHttpException' with message 'Unable to resolve the request "js/jquery-ui-1.8.12.custom.min.js".' in /Users/alex/gonzai/projects/go/gmap/ColorMap/framework/web/CWebApplication.php:332
Stack trace:
#0 /Users/alex/gonzai/projects/go/gmap/ColorMap/framework/web/CWebApplication.php(121): CWebApplication->runController('js/jquery-ui-1....')
#1 /Users/alex/gonzai/projects/go/gmap/ColorMap/framework/base/CApplication.php(155): CWebApplication->processRequest()
#2 /Users/alex/gonzai/projects/go/gmap/ColorMap/app/index.php(13): CApplication->run()
#3 {main} REQUEST_URI=/js/jquery-ui-1.8.12.custom.min.js
2011/05/08 23:04:28 [error] [exception.CHttpException.404] exception 'CHttpException' with message 'Unable to resolve the request "js/jquery-ui-1.8.12.custom.min.js".' in /Users/alex/gonzai/projects/go/gmap/ColorMap/framework/web/CWebApplication.php:332
Stack trace:
#0 /Users/alex/gonzai/projects/go/gmap/ColorMap/framework/web/CWebApplication.php(121): CWebApplication->runController('js/jquery-ui-1....')
#1 /Users/alex/gonzai/projects/go/gmap/ColorMap/framework/base/CApplication.php(155): CWebApplication->processRequest()
#2 /Users/alex/gonzai/projects/go/gmap/ColorMap/app/index.php(13): CApplication->run()
#3 {main} REQUEST_URI=/js/jquery-ui-1.8.12.custom.min.js
2011/05/08 23:04:29 [error] [exception.CHttpException.404] exception 'CHttpException' with message 'Unable to resolve the request "js/jquery-ui-1.8.12.custom.min.js".' in /Users/alex/gonzai/projects/go/gmap/ColorMap/framework/web/CWebApplication.php:332
Stack trace:
#0 /Users/alex/gonzai/projects/go/gmap/ColorMap/framework/web/CWebApplication.php(121): CWebApplication->runController('js/jquery-ui-1....')
#1 /Users/alex/gonzai/projects/go/gmap/ColorMap/framework/base/CApplication.php(155): CWebApplication->processRequest()
#2 /Users/alex/gonzai/projects/go/gmap/ColorMap/app/index.php(13): CApplication->run()
#3 {main} REQUEST_URI=/js/jquery-ui-1.8.12.custom.min.js
2011/05/08 23:05:32 [error] [exception.CHttpException.404] exception 'CHttpException' with message 'Unable to resolve the request "js/jquery-ui-1.8.12.custom.min.js".' in /Users/alex/gonzai/projects/go/gmap/ColorMap/framework/web/CWebApplication.php:332
Stack trace:
#0 /Users/alex/gonzai/projects/go/gmap/ColorMap/framework/web/CWebApplication.php(121): CWebApplication->runController('js/jquery-ui-1....')
#1 /Users/alex/gonzai/projects/go/gmap/ColorMap/framework/base/CApplication.php(155): CWebApplication->processRequest()
#2 /Users/alex/gonzai/projects/go/gmap/ColorMap/app/index.php(13): CApplication->run()
#3 {main} REQUEST_URI=/js/jquery-ui-1.8.12.custom.min.js
2011/05/08 23:05:32 [error] [exception.CHttpException.404] exception 'CHttpException' with message 'Unable to resolve the request "js/jquery-ui-1.8.12.custom.min.js".' in /Users/alex/gonzai/projects/go/gmap/ColorMap/framework/web/CWebApplication.php:332
Stack trace:
#0 /Users/alex/gonzai/projects/go/gmap/ColorMap/framework/web/CWebApplication.php(121): CWebApplication->runController('js/jquery-ui-1....')
#1 /Users/alex/gonzai/projects/go/gmap/ColorMap/framework/base/CApplication.php(155): CWebApplication->processRequest()
#2 /Users/alex/gonzai/projects/go/gmap/ColorMap/app/index.php(13): CApplication->run()
#3 {main} REQUEST_URI=/js/jquery-ui-1.8.12.custom.min.js
2011/05/09 16:30:59 [error] [exception.CHttpException.404] exception 'CHttpException' with message 'Unable to resolve the request "favicon.ico".' in /Users/alex/gonzai/projects/go/gmap/ColorMap/framework/web/CWebApplication.php:332
Stack trace:
#0 /Users/alex/gonzai/projects/go/gmap/ColorMap/framework/web/CWebApplication.php(121): CWebApplication->runController('favicon.ico')
#1 /Users/alex/gonzai/projects/go/gmap/ColorMap/framework/base/CApplication.php(155): CWebApplication->processRequest()
#2 /Users/alex/gonzai/projects/go/gmap/ColorMap/app/index.php(13): CApplication->run()
#3 {main} REQUEST_URI=/favicon.ico
2011/05/09 16:31:02 [error] [exception.CHttpException.404] exception 'CHttpException' with message 'Unable to resolve the request "favicon.ico".' in /Users/alex/gonzai/projects/go/gmap/ColorMap/framework/web/CWebApplication.php:332
Stack trace:
#0 /Users/alex/gonzai/projects/go/gmap/ColorMap/framework/web/CWebApplication.php(121): CWebApplication->runController('favicon.ico')
#1 /Users/alex/gonzai/projects/go/gmap/ColorMap/framework/base/CApplication.php(155): CWebApplication->processRequest()
#2 /Users/alex/gonzai/projects/go/gmap/ColorMap/app/index.php(13): CApplication->run()
#3 {main} REQUEST_URI=/favicon.ico
2011/05/09 16:32:07 [error] [exception.CHttpException.404] exception 'CHttpException' with message 'Unable to resolve the request "gii".' in /Users/alex/gonzai/projects/go/gmap/ColorMap/framework/web/CWebApplication.php:332
Stack trace:
#0 /Users/alex/gonzai/projects/go/gmap/ColorMap/framework/web/CWebApplication.php(121): CWebApplication->runController('gii')
#1 /Users/alex/gonzai/projects/go/gmap/ColorMap/framework/base/CApplication.php(155): CWebApplication->processRequest()
#2 /Users/alex/gonzai/projects/go/gmap/ColorMap/app/index.php(13): CApplication->run()
#3 {main} REQUEST_URI=/gii
2011/05/09 16:38:10 [error] [exception.CHttpException.404] exception 'CHttpException' with message 'The system is unable to find the requested action "kuler".' in /Users/alex/gonzai/projects/go/gmap/ColorMap/framework/web/CController.php:477
Stack trace:
#0 /Users/alex/gonzai/projects/go/gmap/ColorMap/framework/web/CController.php(262): CController->missingAction('kuler')
#1 /Users/alex/gonzai/projects/go/gmap/ColorMap/framework/web/CWebApplication.php(328): CController->run('kuler')
#2 /Users/alex/gonzai/projects/go/gmap/ColorMap/framework/web/CWebApplication.php(121): CWebApplication->runController('site/kuler')
#3 /Users/alex/gonzai/projects/go/gmap/ColorMap/framework/base/CApplication.php(155): CWebApplication->processRequest()
#4 /Users/alex/gonzai/projects/go/gmap/ColorMap/app/index.php(13): CApplication->run()
#5 {main} REQUEST_URI=/kuler
2011/05/09 16:38:32 [error] [exception.CHttpException.404] exception 'CHttpException' with message 'The system is unable to find the requested action "kuler".' in /Users/alex/gonzai/projects/go/gmap/ColorMap/framework/web/CController.php:477
Stack trace:
#0 /Users/alex/gonzai/projects/go/gmap/ColorMap/framework/web/CController.php(262): CController->missingAction('kuler')
#1 /Users/alex/gonzai/projects/go/gmap/ColorMap/framework/web/CWebApplication.php(328): CController->run('kuler')
#2 /Users/alex/gonzai/projects/go/gmap/ColorMap/framework/web/CWebApplication.php(121): CWebApplication->runController('site/kuler')
#3 /Users/alex/gonzai/projects/go/gmap/ColorMap/framework/base/CApplication.php(155): CWebApplication->processRequest()
#4 /Users/alex/gonzai/projects/go/gmap/ColorMap/app/index.php(13): CApplication->run()
#5 {main} REQUEST_URI=/kuler
2011/05/09 16:38:56 [error] [exception.CHttpException.404] exception 'CHttpException' with message 'The system is unable to find the requested action "kuler".' in /Users/alex/gonzai/projects/go/gmap/ColorMap/framework/web/CController.php:477
Stack trace:
#0 /Users/alex/gonzai/projects/go/gmap/ColorMap/framework/web/CController.php(262): CController->missingAction('kuler')
#1 /Users/alex/gonzai/projects/go/gmap/ColorMap/framework/web/CWebApplication.php(328): CController->run('kuler')
#2 /Users/alex/gonzai/projects/go/gmap/ColorMap/framework/web/CWebApplication.php(121): CWebApplication->runController('site/kuler')
#3 /Users/alex/gonzai/projects/go/gmap/ColorMap/framework/base/CApplication.php(155): CWebApplication->processRequest()
#4 /Users/alex/gonzai/projects/go/gmap/ColorMap/app/index.php(13): CApplication->run()
#5 {main} REQUEST_URI=/kuler/
2011/05/09 16:38:56 [error] [exception.CHttpException.404] exception 'CHttpException' with message 'The system is unable to find the requested action "css".' in /Users/alex/gonzai/projects/go/gmap/ColorMap/framework/web/CController.php:477
Stack trace:
#0 /Users/alex/gonzai/projects/go/gmap/ColorMap/framework/web/CController.php(262): CController->missingAction('css')
#1 /Users/alex/gonzai/projects/go/gmap/ColorMap/framework/web/CWebApplication.php(328): CController->run('css')
#2 /Users/alex/gonzai/projects/go/gmap/ColorMap/framework/web/CWebApplication.php(121): CWebApplication->runController('kuler/css/ui-li...')
#3 /Users/alex/gonzai/projects/go/gmap/ColorMap/framework/base/CApplication.php(155): CWebApplication->processRequest()
#4 /Users/alex/gonzai/projects/go/gmap/ColorMap/app/index.php(13): CApplication->run()
#5 {main} REQUEST_URI=/kuler/css/ui-lightness/jquery-ui-1.8.12.custom.css
2011/05/09 16:38:59 [error] [exception.CHttpException.404] exception 'CHttpException' with message 'The system is unable to find the requested action "kuler".' in /Users/alex/gonzai/projects/go/gmap/ColorMap/framework/web/CController.php:477
Stack trace:
#0 /Users/alex/gonzai/projects/go/gmap/ColorMap/framework/web/CController.php(262): CController->missingAction('kuler')
#1 /Users/alex/gonzai/projects/go/gmap/ColorMap/framework/web/CWebApplication.php(328): CController->run('kuler')
#2 /Users/alex/gonzai/projects/go/gmap/ColorMap/framework/web/CWebApplication.php(121): CWebApplication->runController('site/kuler')
#3 /Users/alex/gonzai/projects/go/gmap/ColorMap/framework/base/CApplication.php(155): CWebApplication->processRequest()
#4 /Users/alex/gonzai/projects/go/gmap/ColorMap/app/index.php(13): CApplication->run()
#5 {main} REQUEST_URI=/kuler
2011/05/09 18:06:40 [error] [php] file_get_contents(http://kuler-api.adobe.com/rss/get.cfm?listtype=random&amp;key=7D69552CCFAE21806D92F8D7962ADB3C&amp;itemsPerPage=1) [<a href='function.file-get-contents'>function.file-get-contents</a>]: failed to open stream: Operation timed out (/Users/alex/gonzai/projects/go/gmap/ColorMap/app/protected/controllers/KulerController.php:12)
Stack trace:
#0 /Users/alex/gonzai/projects/go/gmap/ColorMap/framework/web/CController.php(300): CInlineAction->runWithParams()
#1 /Users/alex/gonzai/projects/go/gmap/ColorMap/framework/web/CController.php(278): KulerController->runAction()
#2 /Users/alex/gonzai/projects/go/gmap/ColorMap/framework/web/CController.php(257): KulerController->runActionWithFilters()
#3 /Users/alex/gonzai/projects/go/gmap/ColorMap/framework/web/CWebApplication.php(328): KulerController->run()
#4 /Users/alex/gonzai/projects/go/gmap/ColorMap/framework/web/CWebApplication.php(121): CWebApplication->runController()
#5 /Users/alex/gonzai/projects/go/gmap/ColorMap/framework/base/CApplication.php(155): CWebApplication->processRequest()
#6 /Users/alex/gonzai/projects/go/gmap/ColorMap/app/index.php(13): CWebApplication->run()
REQUEST_URI=/kuler
in /Users/alex/gonzai/projects/go/gmap/ColorMap/app/protected/controllers/KulerController.php (12)
in /Users/alex/gonzai/projects/go/gmap/ColorMap/app/index.php (13)
2011/05/09 18:10:56 [error] [php] file_get_contents(http://kuler-api.adobe.com/rss/get.cfm?listtype=random&amp;key=7D69552CCFAE21806D92F8D7962ADB3C&amp;itemsPerPage=1) [<a href='function.file-get-contents'>function.file-get-contents</a>]: failed to open stream: Operation timed out (/Users/alex/gonzai/projects/go/gmap/ColorMap/app/protected/controllers/KulerController.php:12)
Stack trace:
#0 /Users/alex/gonzai/projects/go/gmap/ColorMap/framework/web/CController.php(300): CInlineAction->runWithParams()
#1 /Users/alex/gonzai/projects/go/gmap/ColorMap/framework/web/CController.php(278): KulerController->runAction()
#2 /Users/alex/gonzai/projects/go/gmap/ColorMap/framework/web/CController.php(257): KulerController->runActionWithFilters()
#3 /Users/alex/gonzai/projects/go/gmap/ColorMap/framework/web/CWebApplication.php(328): KulerController->run()
#4 /Users/alex/gonzai/projects/go/gmap/ColorMap/framework/web/CWebApplication.php(121): CWebApplication->runController()
#5 /Users/alex/gonzai/projects/go/gmap/ColorMap/framework/base/CApplication.php(155): CWebApplication->processRequest()
#6 /Users/alex/gonzai/projects/go/gmap/ColorMap/app/index.php(13): CWebApplication->run()
REQUEST_URI=/kuler
in /Users/alex/gonzai/projects/go/gmap/ColorMap/app/protected/controllers/KulerController.php (12)
in /Users/alex/gonzai/projects/go/gmap/ColorMap/app/index.php (13)
2011/05/09 18:20:27 [error] [php] Undefined index: xml (/Users/alex/gonzai/projects/go/gmap/ColorMap/app/protected/controllers/KulerController.php:15)
Stack trace:
#0 /Users/alex/gonzai/projects/go/gmap/ColorMap/framework/web/CController.php(278): KulerController->runAction()
#1 /Users/alex/gonzai/projects/go/gmap/ColorMap/framework/web/CController.php(257): KulerController->runActionWithFilters()
#2 /Users/alex/gonzai/projects/go/gmap/ColorMap/framework/web/CWebApplication.php(328): KulerController->run()
#3 /Users/alex/gonzai/projects/go/gmap/ColorMap/framework/web/CWebApplication.php(121): CWebApplication->runController()
#4 /Users/alex/gonzai/projects/go/gmap/ColorMap/framework/base/CApplication.php(155): CWebApplication->processRequest()
#5 /Users/alex/gonzai/projects/go/gmap/ColorMap/app/index.php(13): CWebApplication->run()
REQUEST_URI=/kuler
in /Users/alex/gonzai/projects/go/gmap/ColorMap/app/protected/controllers/KulerController.php (15)
in /Users/alex/gonzai/projects/go/gmap/ColorMap/app/index.php (13)
2011/05/09 18:20:27 [error] [exception.CHttpException.404] exception 'CHttpException' with message 'Unable to resolve the request "favicon.ico".' in /Users/alex/gonzai/projects/go/gmap/ColorMap/framework/web/CWebApplication.php:332
Stack trace:
#0 /Users/alex/gonzai/projects/go/gmap/ColorMap/framework/web/CWebApplication.php(121): CWebApplication->runController('favicon.ico')
#1 /Users/alex/gonzai/projects/go/gmap/ColorMap/framework/base/CApplication.php(155): CWebApplication->processRequest()
#2 /Users/alex/gonzai/projects/go/gmap/ColorMap/app/index.php(13): CApplication->run()
#3 {main} REQUEST_URI=/favicon.ico
2011/05/09 18:20:30 [error] [exception.CHttpException.404] exception 'CHttpException' with message 'Unable to resolve the request "favicon.ico".' in /Users/alex/gonzai/projects/go/gmap/ColorMap/framework/web/CWebApplication.php:332
Stack trace:
#0 /Users/alex/gonzai/projects/go/gmap/ColorMap/framework/web/CWebApplication.php(121): CWebApplication->runController('favicon.ico')
#1 /Users/alex/gonzai/projects/go/gmap/ColorMap/framework/base/CApplication.php(155): CWebApplication->processRequest()
#2 /Users/alex/gonzai/projects/go/gmap/ColorMap/app/index.php(13): CApplication->run()
#3 {main} REQUEST_URI=/favicon.ico
2011/05/09 18:20:32 [error] [php] Undefined index: xml (/Users/alex/gonzai/projects/go/gmap/ColorMap/app/protected/controllers/KulerController.php:15)
Stack trace:
#0 /Users/alex/gonzai/projects/go/gmap/ColorMap/framework/web/CController.php(278): KulerController->runAction()
#1 /Users/alex/gonzai/projects/go/gmap/ColorMap/framework/web/CController.php(257): KulerController->runActionWithFilters()
#2 /Users/alex/gonzai/projects/go/gmap/ColorMap/framework/web/CWebApplication.php(328): KulerController->run()
#3 /Users/alex/gonzai/projects/go/gmap/ColorMap/framework/web/CWebApplication.php(121): CWebApplication->runController()
#4 /Users/alex/gonzai/projects/go/gmap/ColorMap/framework/base/CApplication.php(155): CWebApplication->processRequest()
#5 /Users/alex/gonzai/projects/go/gmap/ColorMap/app/index.php(13): CWebApplication->run()
REQUEST_URI=/kuler
in /Users/alex/gonzai/projects/go/gmap/ColorMap/app/protected/controllers/KulerController.php (15)
in /Users/alex/gonzai/projects/go/gmap/ColorMap/app/index.php (13)
2011/05/11 00:57:47 [error] [exception.CHttpException.404] exception 'CHttpException' with message 'Unable to resolve the request "favicon.ico".' in /Users/alex/gonzai/projects/go/gmap/ColorMap/framework/web/CWebApplication.php:332
Stack trace:
#0 /Users/alex/gonzai/projects/go/gmap/ColorMap/framework/web/CWebApplication.php(121): CWebApplication->runController('favicon.ico')
#1 /Users/alex/gonzai/projects/go/gmap/ColorMap/framework/base/CApplication.php(155): CWebApplication->processRequest()
#2 /Users/alex/gonzai/projects/go/gmap/ColorMap/app/index.php(13): CApplication->run()
#3 {main} REQUEST_URI=/favicon.ico
2011/05/11 00:57:54 [error] [exception.CHttpException.404] exception 'CHttpException' with message 'Unable to resolve the request "favicon.ico".' in /Users/alex/gonzai/projects/go/gmap/ColorMap/framework/web/CWebApplication.php:332
Stack trace:
#0 /Users/alex/gonzai/projects/go/gmap/ColorMap/framework/web/CWebApplication.php(121): CWebApplication->runController('favicon.ico')
#1 /Users/alex/gonzai/projects/go/gmap/ColorMap/framework/base/CApplication.php(155): CWebApplication->processRequest()
#2 /Users/alex/gonzai/projects/go/gmap/ColorMap/app/index.php(13): CApplication->run()
#3 {main} REQUEST_URI=/favicon.ico
2011/05/14 21:28:40 [error] [php] Undefined variable: _SESSION (/Users/alex/gonzai/projects/go/gmap/ColorMap/app/protected/controllers/KulerController.php:23)
Stack trace:
#0 /Users/alex/gonzai/projects/go/gmap/ColorMap/framework/web/CController.php(278): KulerController->runAction()
#1 /Users/alex/gonzai/projects/go/gmap/ColorMap/framework/web/CController.php(257): KulerController->runActionWithFilters()
#2 /Users/alex/gonzai/projects/go/gmap/ColorMap/framework/web/CWebApplication.php(328): KulerController->run()
#3 /Users/alex/gonzai/projects/go/gmap/ColorMap/framework/web/CController.php(749): CWebApplication->runController()
#4 /Users/alex/gonzai/projects/go/gmap/ColorMap/app/protected/controllers/KulerController.php(8): KulerController->forward()
#5 /Users/alex/gonzai/projects/go/gmap/ColorMap/framework/web/actions/CInlineAction.php(50): KulerController->actionIndex()
#6 /Users/alex/gonzai/projects/go/gmap/ColorMap/framework/web/CController.php(300): CInlineAction->runWithParams()
#7 /Users/alex/gonzai/projects/go/gmap/ColorMap/framework/web/CController.php(278): KulerController->runAction()
#8 /Users/alex/gonzai/projects/go/gmap/ColorMap/framework/web/CController.php(257): KulerController->runActionWithFilters()
#9 /Users/alex/gonzai/projects/go/gmap/ColorMap/framework/web/CWebApplication.php(328): KulerController->run()
#10 /Users/alex/gonzai/projects/go/gmap/ColorMap/framework/web/CWebApplication.php(121): CWebApplication->runController()
#11 /Users/alex/gonzai/projects/go/gmap/ColorMap/framework/base/CApplication.php(155): CWebApplication->processRequest()
#12 /Users/alex/gonzai/projects/go/gmap/ColorMap/app/index.php(13): CWebApplication->run()
REQUEST_URI=/kuler
in /Users/alex/gonzai/projects/go/gmap/ColorMap/app/protected/controllers/KulerController.php (23)
in /Users/alex/gonzai/projects/go/gmap/ColorMap/app/protected/controllers/KulerController.php (8)
in /Users/alex/gonzai/projects/go/gmap/ColorMap/app/index.php (13)
2011/05/14 21:28:41 [error] [exception.CHttpException.404] exception 'CHttpException' with message 'Unable to resolve the request "favicon.ico".' in /Users/alex/gonzai/projects/go/gmap/ColorMap/framework/web/CWebApplication.php:332
Stack trace:
#0 /Users/alex/gonzai/projects/go/gmap/ColorMap/framework/web/CWebApplication.php(121): CWebApplication->runController('favicon.ico')
#1 /Users/alex/gonzai/projects/go/gmap/ColorMap/framework/base/CApplication.php(155): CWebApplication->processRequest()
#2 /Users/alex/gonzai/projects/go/gmap/ColorMap/app/index.php(13): CApplication->run()
#3 {main} REQUEST_URI=/favicon.ico
2011/05/14 21:28:44 [error] [exception.CHttpException.404] exception 'CHttpException' with message 'Unable to resolve the request "favicon.ico".' in /Users/alex/gonzai/projects/go/gmap/ColorMap/framework/web/CWebApplication.php:332
Stack trace:
#0 /Users/alex/gonzai/projects/go/gmap/ColorMap/framework/web/CWebApplication.php(121): CWebApplication->runController('favicon.ico')
#1 /Users/alex/gonzai/projects/go/gmap/ColorMap/framework/base/CApplication.php(155): CWebApplication->processRequest()
#2 /Users/alex/gonzai/projects/go/gmap/ColorMap/app/index.php(13): CApplication->run()
#3 {main} REQUEST_URI=/favicon.ico
2011/05/14 21:29:02 [error] [php] Undefined variable: _SESSION (/Users/alex/gonzai/projects/go/gmap/ColorMap/app/protected/controllers/KulerController.php:23)
Stack trace:
#0 /Users/alex/gonzai/projects/go/gmap/ColorMap/framework/web/CController.php(278): KulerController->runAction()
#1 /Users/alex/gonzai/projects/go/gmap/ColorMap/framework/web/CController.php(257): KulerController->runActionWithFilters()
#2 /Users/alex/gonzai/projects/go/gmap/ColorMap/framework/web/CWebApplication.php(328): KulerController->run()
#3 /Users/alex/gonzai/projects/go/gmap/ColorMap/framework/web/CController.php(749): CWebApplication->runController()
#4 /Users/alex/gonzai/projects/go/gmap/ColorMap/app/protected/controllers/KulerController.php(8): KulerController->forward()
#5 /Users/alex/gonzai/projects/go/gmap/ColorMap/framework/web/actions/CInlineAction.php(50): KulerController->actionIndex()
#6 /Users/alex/gonzai/projects/go/gmap/ColorMap/framework/web/CController.php(300): CInlineAction->runWithParams()
#7 /Users/alex/gonzai/projects/go/gmap/ColorMap/framework/web/CController.php(278): KulerController->runAction()
#8 /Users/alex/gonzai/projects/go/gmap/ColorMap/framework/web/CController.php(257): KulerController->runActionWithFilters()
#9 /Users/alex/gonzai/projects/go/gmap/ColorMap/framework/web/CWebApplication.php(328): KulerController->run()
#10 /Users/alex/gonzai/projects/go/gmap/ColorMap/framework/web/CWebApplication.php(121): CWebApplication->runController()
#11 /Users/alex/gonzai/projects/go/gmap/ColorMap/framework/base/CApplication.php(155): CWebApplication->processRequest()
#12 /Users/alex/gonzai/projects/go/gmap/ColorMap/app/index.php(13): CWebApplication->run()
REQUEST_URI=/kuler
in /Users/alex/gonzai/projects/go/gmap/ColorMap/app/protected/controllers/KulerController.php (23)
in /Users/alex/gonzai/projects/go/gmap/ColorMap/app/protected/controllers/KulerController.php (8)
in /Users/alex/gonzai/projects/go/gmap/ColorMap/app/index.php (13)
2011/05/14 21:32:04 [error] [php] Undefined variable: _SESSION (/Users/alex/gonzai/projects/go/gmap/ColorMap/app/protected/controllers/KulerController.php:23)
Stack trace:
#0 /Users/alex/gonzai/projects/go/gmap/ColorMap/framework/web/CController.php(278): KulerController->runAction()
#1 /Users/alex/gonzai/projects/go/gmap/ColorMap/framework/web/CController.php(257): KulerController->runActionWithFilters()
#2 /Users/alex/gonzai/projects/go/gmap/ColorMap/framework/web/CWebApplication.php(328): KulerController->run()
#3 /Users/alex/gonzai/projects/go/gmap/ColorMap/framework/web/CController.php(749): CWebApplication->runController()
#4 /Users/alex/gonzai/projects/go/gmap/ColorMap/app/protected/controllers/KulerController.php(8): KulerController->forward()
#5 /Users/alex/gonzai/projects/go/gmap/ColorMap/framework/web/actions/CInlineAction.php(50): KulerController->actionIndex()
#6 /Users/alex/gonzai/projects/go/gmap/ColorMap/framework/web/CController.php(300): CInlineAction->runWithParams()
#7 /Users/alex/gonzai/projects/go/gmap/ColorMap/framework/web/CController.php(278): KulerController->runAction()
#8 /Users/alex/gonzai/projects/go/gmap/ColorMap/framework/web/CController.php(257): KulerController->runActionWithFilters()
#9 /Users/alex/gonzai/projects/go/gmap/ColorMap/framework/web/CWebApplication.php(328): KulerController->run()
#10 /Users/alex/gonzai/projects/go/gmap/ColorMap/framework/web/CWebApplication.php(121): CWebApplication->runController()
#11 /Users/alex/gonzai/projects/go/gmap/ColorMap/framework/base/CApplication.php(155): CWebApplication->processRequest()
#12 /Users/alex/gonzai/projects/go/gmap/ColorMap/app/index.php(13): CWebApplication->run()
REQUEST_URI=/kuler
in /Users/alex/gonzai/projects/go/gmap/ColorMap/app/protected/controllers/KulerController.php (23)
in /Users/alex/gonzai/projects/go/gmap/ColorMap/app/protected/controllers/KulerController.php (8)
in /Users/alex/gonzai/projects/go/gmap/ColorMap/app/index.php (13)
2011/05/14 21:32:06 [error] [php] Undefined variable: _SESSION (/Users/alex/gonzai/projects/go/gmap/ColorMap/app/protected/controllers/KulerController.php:23)
Stack trace:
#0 /Users/alex/gonzai/projects/go/gmap/ColorMap/framework/web/CController.php(278): KulerController->runAction()
#1 /Users/alex/gonzai/projects/go/gmap/ColorMap/framework/web/CController.php(257): KulerController->runActionWithFilters()
#2 /Users/alex/gonzai/projects/go/gmap/ColorMap/framework/web/CWebApplication.php(328): KulerController->run()
#3 /Users/alex/gonzai/projects/go/gmap/ColorMap/framework/web/CController.php(749): CWebApplication->runController()
#4 /Users/alex/gonzai/projects/go/gmap/ColorMap/app/protected/controllers/KulerController.php(8): KulerController->forward()
#5 /Users/alex/gonzai/projects/go/gmap/ColorMap/framework/web/actions/CInlineAction.php(50): KulerController->actionIndex()
#6 /Users/alex/gonzai/projects/go/gmap/ColorMap/framework/web/CController.php(300): CInlineAction->runWithParams()
#7 /Users/alex/gonzai/projects/go/gmap/ColorMap/framework/web/CController.php(278): KulerController->runAction()
#8 /Users/alex/gonzai/projects/go/gmap/ColorMap/framework/web/CController.php(257): KulerController->runActionWithFilters()
#9 /Users/alex/gonzai/projects/go/gmap/ColorMap/framework/web/CWebApplication.php(328): KulerController->run()
#10 /Users/alex/gonzai/projects/go/gmap/ColorMap/framework/web/CWebApplication.php(121): CWebApplication->runController()
#11 /Users/alex/gonzai/projects/go/gmap/ColorMap/framework/base/CApplication.php(155): CWebApplication->processRequest()
#12 /Users/alex/gonzai/projects/go/gmap/ColorMap/app/index.php(13): CWebApplication->run()
REQUEST_URI=/kuler
in /Users/alex/gonzai/projects/go/gmap/ColorMap/app/protected/controllers/KulerController.php (23)
in /Users/alex/gonzai/projects/go/gmap/ColorMap/app/protected/controllers/KulerController.php (8)
in /Users/alex/gonzai/projects/go/gmap/ColorMap/app/index.php (13)
2011/05/14 21:32:06 [error] [php] Undefined variable: _SESSION (/Users/alex/gonzai/projects/go/gmap/ColorMap/app/protected/controllers/KulerController.php:23)
Stack trace:
#0 /Users/alex/gonzai/projects/go/gmap/ColorMap/framework/web/CController.php(278): KulerController->runAction()
#1 /Users/alex/gonzai/projects/go/gmap/ColorMap/framework/web/CController.php(257): KulerController->runActionWithFilters()
#2 /Users/alex/gonzai/projects/go/gmap/ColorMap/framework/web/CWebApplication.php(328): KulerController->run()
#3 /Users/alex/gonzai/projects/go/gmap/ColorMap/framework/web/CController.php(749): CWebApplication->runController()
#4 /Users/alex/gonzai/projects/go/gmap/ColorMap/app/protected/controllers/KulerController.php(8): KulerController->forward()
#5 /Users/alex/gonzai/projects/go/gmap/ColorMap/framework/web/actions/CInlineAction.php(50): KulerController->actionIndex()
#6 /Users/alex/gonzai/projects/go/gmap/ColorMap/framework/web/CController.php(300): CInlineAction->runWithParams()
#7 /Users/alex/gonzai/projects/go/gmap/ColorMap/framework/web/CController.php(278): KulerController->runAction()
#8 /Users/alex/gonzai/projects/go/gmap/ColorMap/framework/web/CController.php(257): KulerController->runActionWithFilters()
#9 /Users/alex/gonzai/projects/go/gmap/ColorMap/framework/web/CWebApplication.php(328): KulerController->run()
#10 /Users/alex/gonzai/projects/go/gmap/ColorMap/framework/web/CWebApplication.php(121): CWebApplication->runController()
#11 /Users/alex/gonzai/projects/go/gmap/ColorMap/framework/base/CApplication.php(155): CWebApplication->processRequest()
#12 /Users/alex/gonzai/projects/go/gmap/ColorMap/app/index.php(13): CWebApplication->run()
REQUEST_URI=/kuler
in /Users/alex/gonzai/projects/go/gmap/ColorMap/app/protected/controllers/KulerController.php (23)
in /Users/alex/gonzai/projects/go/gmap/ColorMap/app/protected/controllers/KulerController.php (8)
in /Users/alex/gonzai/projects/go/gmap/ColorMap/app/index.php (13)
2011/05/14 21:36:50 [error] [php] include(Curl.php) [<a href='function.include'>function.include</a>]: failed to open stream: No such file or directory (/Users/alex/gonzai/projects/go/gmap/ColorMap/framework/YiiBase.php:396)
Stack trace:
#0 /Users/alex/gonzai/projects/go/gmap/ColorMap/app/protected/controllers/KulerController.php(22): spl_autoload_call()
#1 /Users/alex/gonzai/projects/go/gmap/ColorMap/framework/web/actions/CInlineAction.php(50): KulerController->actionRandom()
#2 /Users/alex/gonzai/projects/go/gmap/ColorMap/framework/web/CController.php(300): CInlineAction->runWithParams()
#3 /Users/alex/gonzai/projects/go/gmap/ColorMap/framework/web/CController.php(278): KulerController->runAction()
#4 /Users/alex/gonzai/projects/go/gmap/ColorMap/framework/web/CController.php(257): KulerController->runActionWithFilters()
#5 /Users/alex/gonzai/projects/go/gmap/ColorMap/framework/web/CWebApplication.php(328): KulerController->run()
#6 /Users/alex/gonzai/projects/go/gmap/ColorMap/framework/web/CController.php(749): CWebApplication->runController()
#7 /Users/alex/gonzai/projects/go/gmap/ColorMap/app/protected/controllers/KulerController.php(8): KulerController->forward()
#8 /Users/alex/gonzai/projects/go/gmap/ColorMap/framework/web/actions/CInlineAction.php(50): KulerController->actionIndex()
#9 /Users/alex/gonzai/projects/go/gmap/ColorMap/framework/web/CController.php(300): CInlineAction->runWithParams()
#10 /Users/alex/gonzai/projects/go/gmap/ColorMap/framework/web/CController.php(278): KulerController->runAction()
#11 /Users/alex/gonzai/projects/go/gmap/ColorMap/framework/web/CController.php(257): KulerController->runActionWithFilters()
#12 /Users/alex/gonzai/projects/go/gmap/ColorMap/framework/web/CWebApplication.php(328): KulerController->run()
#13 /Users/alex/gonzai/projects/go/gmap/ColorMap/framework/web/CWebApplication.php(121): CWebApplication->runController()
#14 /Users/alex/gonzai/projects/go/gmap/ColorMap/framework/base/CApplication.php(155): CWebApplication->processRequest()
#15 /Users/alex/gonzai/projects/go/gmap/ColorMap/app/index.php(13): CWebApplication->run()
REQUEST_URI=/kuler
in /Users/alex/gonzai/projects/go/gmap/ColorMap/app/protected/controllers/KulerController.php (22)
in /Users/alex/gonzai/projects/go/gmap/ColorMap/app/protected/controllers/KulerController.php (8)
in /Users/alex/gonzai/projects/go/gmap/ColorMap/app/index.php (13)
2011/05/14 22:00:22 [error] [exception.CDbException] exception 'CDbException' with message 'CDbConnection failed to open the DB connection: could not find driver' in /Users/alex/gonzai/projects/go/gmap/ColorMap/framework/db/CDbConnection.php:348
Stack trace:
#0 /Users/alex/gonzai/projects/go/gmap/ColorMap/framework/db/CDbConnection.php(297): CDbConnection->open()
#1 /Users/alex/gonzai/projects/go/gmap/ColorMap/framework/db/CDbConnection.php(275): CDbConnection->setActive(true)
#2 /Users/alex/gonzai/projects/go/gmap/ColorMap/framework/base/CModule.php(372): CDbConnection->init()
#3 /Users/alex/gonzai/projects/go/gmap/ColorMap/framework/base/CModule.php(86): CModule->getComponent('db')
#4 /Users/alex/gonzai/projects/go/gmap/ColorMap/framework/gii/generators/model/ModelCode.php(52): CModule->__get('db')
#5 /Users/alex/gonzai/projects/go/gmap/ColorMap/framework/web/CFormModel.php(40): ModelCode->init()
#6 /Users/alex/gonzai/projects/go/gmap/ColorMap/framework/gii/CCodeGenerator.php(149): CFormModel->__construct()
#7 /Users/alex/gonzai/projects/go/gmap/ColorMap/framework/gii/CCodeGenerator.php(61): CCodeGenerator->prepare()
#8 /Users/alex/gonzai/projects/go/gmap/ColorMap/framework/web/actions/CInlineAction.php(50): CCodeGenerator->actionIndex()
#9 /Users/alex/gonzai/projects/go/gmap/ColorMap/framework/web/CController.php(300): CInlineAction->runWithParams(Array)
#10 /Users/alex/gonzai/projects/go/gmap/ColorMap/framework/web/CController.php(278): CController->runAction(Object(CInlineAction))
#11 /Users/alex/gonzai/projects/go/gmap/ColorMap/framework/web/CController.php(257): CController->runActionWithFilters(Object(CInlineAction), Array)
#12 /Users/alex/gonzai/projects/go/gmap/ColorMap/framework/web/CWebApplication.php(328): CController->run('')
#13 /Users/alex/gonzai/projects/go/gmap/ColorMap/framework/web/CWebApplication.php(121): CWebApplication->runController('gii/model')
#14 /Users/alex/gonzai/projects/go/gmap/ColorMap/framework/base/CApplication.php(155): CWebApplication->processRequest()
#15 /Users/alex/gonzai/projects/go/gmap/ColorMap/app/index.php(13): CApplication->run()
#16 {main} REQUEST_URI=/gii/model
2011/05/14 22:02:13 [error] [exception.CDbException] exception 'CDbException' with message 'CDbConnection failed to open the DB connection: could not find driver' in /Users/alex/gonzai/projects/go/gmap/ColorMap/framework/db/CDbConnection.php:348
Stack trace:
#0 /Users/alex/gonzai/projects/go/gmap/ColorMap/framework/db/CDbConnection.php(297): CDbConnection->open()
#1 /Users/alex/gonzai/projects/go/gmap/ColorMap/framework/db/CDbConnection.php(275): CDbConnection->setActive(true)
#2 /Users/alex/gonzai/projects/go/gmap/ColorMap/framework/base/CModule.php(372): CDbConnection->init()
#3 /Users/alex/gonzai/projects/go/gmap/ColorMap/framework/base/CModule.php(86): CModule->getComponent('db')
#4 /Users/alex/gonzai/projects/go/gmap/ColorMap/framework/gii/generators/model/ModelCode.php(52): CModule->__get('db')
#5 /Users/alex/gonzai/projects/go/gmap/ColorMap/framework/web/CFormModel.php(40): ModelCode->init()
#6 /Users/alex/gonzai/projects/go/gmap/ColorMap/framework/gii/CCodeGenerator.php(149): CFormModel->__construct()
#7 /Users/alex/gonzai/projects/go/gmap/ColorMap/framework/gii/CCodeGenerator.php(61): CCodeGenerator->prepare()
#8 /Users/alex/gonzai/projects/go/gmap/ColorMap/framework/web/actions/CInlineAction.php(50): CCodeGenerator->actionIndex()
#9 /Users/alex/gonzai/projects/go/gmap/ColorMap/framework/web/CController.php(300): CInlineAction->runWithParams(Array)
#10 /Users/alex/gonzai/projects/go/gmap/ColorMap/framework/web/CController.php(278): CController->runAction(Object(CInlineAction))
#11 /Users/alex/gonzai/projects/go/gmap/ColorMap/framework/web/CController.php(257): CController->runActionWithFilters(Object(CInlineAction), Array)
#12 /Users/alex/gonzai/projects/go/gmap/ColorMap/framework/web/CWebApplication.php(328): CController->run('')
#13 /Users/alex/gonzai/projects/go/gmap/ColorMap/framework/web/CWebApplication.php(121): CWebApplication->runController('gii/model')
#14 /Users/alex/gonzai/projects/go/gmap/ColorMap/framework/base/CApplication.php(155): CWebApplication->processRequest()
#15 /Users/alex/gonzai/projects/go/gmap/ColorMap/app/index.php(13): CApplication->run()
#16 {main} REQUEST_URI=/gii/model
2011/05/14 22:02:56 [error] [exception.CDbException] exception 'CDbException' with message 'CDbConnection failed to open the DB connection: could not find driver' in /Users/alex/gonzai/projects/go/gmap/ColorMap/framework/db/CDbConnection.php:348
Stack trace:
#0 /Users/alex/gonzai/projects/go/gmap/ColorMap/framework/db/CDbConnection.php(297): CDbConnection->open()
#1 /Users/alex/gonzai/projects/go/gmap/ColorMap/framework/db/CDbConnection.php(275): CDbConnection->setActive(true)
#2 /Users/alex/gonzai/projects/go/gmap/ColorMap/framework/base/CModule.php(372): CDbConnection->init()
#3 /Users/alex/gonzai/projects/go/gmap/ColorMap/framework/base/CModule.php(86): CModule->getComponent('db')
#4 /Users/alex/gonzai/projects/go/gmap/ColorMap/app/protected/controllers/SiteController.php(37): CModule->__get('db')
#5 /Users/alex/gonzai/projects/go/gmap/ColorMap/framework/web/actions/CInlineAction.php(50): SiteController->actionTest()
#6 /Users/alex/gonzai/projects/go/gmap/ColorMap/framework/web/CController.php(300): CInlineAction->runWithParams(Array)
#7 /Users/alex/gonzai/projects/go/gmap/ColorMap/framework/web/CController.php(278): CController->runAction(Object(CInlineAction))
#8 /Users/alex/gonzai/projects/go/gmap/ColorMap/framework/web/CController.php(257): CController->runActionWithFilters(Object(CInlineAction), Array)
#9 /Users/alex/gonzai/projects/go/gmap/ColorMap/framework/web/CWebApplication.php(328): CController->run('test')
#10 /Users/alex/gonzai/projects/go/gmap/ColorMap/framework/web/CWebApplication.php(121): CWebApplication->runController('site/test')
#11 /Users/alex/gonzai/projects/go/gmap/ColorMap/framework/base/CApplication.php(155): CWebApplication->processRequest()
#12 /Users/alex/gonzai/projects/go/gmap/ColorMap/app/index.php(13): CApplication->run()
#13 {main} REQUEST_URI=/site/test
2011/05/14 22:04:20 [error] [exception.CDbException] exception 'CDbException' with message 'CDbConnection failed to open the DB connection: could not find driver' in /Users/alex/gonzai/projects/go/gmap/ColorMap/framework/db/CDbConnection.php:348
Stack trace:
#0 /Users/alex/gonzai/projects/go/gmap/ColorMap/framework/db/CDbConnection.php(297): CDbConnection->open()
#1 /Users/alex/gonzai/projects/go/gmap/ColorMap/framework/db/CDbConnection.php(275): CDbConnection->setActive(true)
#2 /Users/alex/gonzai/projects/go/gmap/ColorMap/framework/base/CModule.php(372): CDbConnection->init()
#3 /Users/alex/gonzai/projects/go/gmap/ColorMap/framework/base/CModule.php(86): CModule->getComponent('db')
#4 /Users/alex/gonzai/projects/go/gmap/ColorMap/app/protected/controllers/SiteController.php(37): CModule->__get('db')
#5 /Users/alex/gonzai/projects/go/gmap/ColorMap/framework/web/actions/CInlineAction.php(50): SiteController->actionTest()
#6 /Users/alex/gonzai/projects/go/gmap/ColorMap/framework/web/CController.php(300): CInlineAction->runWithParams(Array)
#7 /Users/alex/gonzai/projects/go/gmap/ColorMap/framework/web/CController.php(278): CController->runAction(Object(CInlineAction))
#8 /Users/alex/gonzai/projects/go/gmap/ColorMap/framework/web/CController.php(257): CController->runActionWithFilters(Object(CInlineAction), Array)
#9 /Users/alex/gonzai/projects/go/gmap/ColorMap/framework/web/CWebApplication.php(328): CController->run('test')
#10 /Users/alex/gonzai/projects/go/gmap/ColorMap/framework/web/CWebApplication.php(121): CWebApplication->runController('site/test')
#11 /Users/alex/gonzai/projects/go/gmap/ColorMap/framework/base/CApplication.php(155): CWebApplication->processRequest()
#12 /Users/alex/gonzai/projects/go/gmap/ColorMap/app/index.php(13): CApplication->run()
#13 {main} REQUEST_URI=/site/test
2011/05/14 22:04:21 [error] [exception.CDbException] exception 'CDbException' with message 'CDbConnection failed to open the DB connection: could not find driver' in /Users/alex/gonzai/projects/go/gmap/ColorMap/framework/db/CDbConnection.php:348
Stack trace:
#0 /Users/alex/gonzai/projects/go/gmap/ColorMap/framework/db/CDbConnection.php(297): CDbConnection->open()
#1 /Users/alex/gonzai/projects/go/gmap/ColorMap/framework/db/CDbConnection.php(275): CDbConnection->setActive(true)
#2 /Users/alex/gonzai/projects/go/gmap/ColorMap/framework/base/CModule.php(372): CDbConnection->init()
#3 /Users/alex/gonzai/projects/go/gmap/ColorMap/framework/base/CModule.php(86): CModule->getComponent('db')
#4 /Users/alex/gonzai/projects/go/gmap/ColorMap/app/protected/controllers/SiteController.php(37): CModule->__get('db')
#5 /Users/alex/gonzai/projects/go/gmap/ColorMap/framework/web/actions/CInlineAction.php(50): SiteController->actionTest()
#6 /Users/alex/gonzai/projects/go/gmap/ColorMap/framework/web/CController.php(300): CInlineAction->runWithParams(Array)
#7 /Users/alex/gonzai/projects/go/gmap/ColorMap/framework/web/CController.php(278): CController->runAction(Object(CInlineAction))
#8 /Users/alex/gonzai/projects/go/gmap/ColorMap/framework/web/CController.php(257): CController->runActionWithFilters(Object(CInlineAction), Array)
#9 /Users/alex/gonzai/projects/go/gmap/ColorMap/framework/web/CWebApplication.php(328): CController->run('test')
#10 /Users/alex/gonzai/projects/go/gmap/ColorMap/framework/web/CWebApplication.php(121): CWebApplication->runController('site/test')
#11 /Users/alex/gonzai/projects/go/gmap/ColorMap/framework/base/CApplication.php(155): CWebApplication->processRequest()
#12 /Users/alex/gonzai/projects/go/gmap/ColorMap/app/index.php(13): CApplication->run()
#13 {main} REQUEST_URI=/site/test
2011/05/14 22:06:05 [error] [exception.CDbException] exception 'CDbException' with message 'CDbConnection failed to open the DB connection: could not find driver' in /Users/alex/gonzai/projects/go/gmap/ColorMap/framework/db/CDbConnection.php:348
Stack trace:
#0 /Users/alex/gonzai/projects/go/gmap/ColorMap/framework/db/CDbConnection.php(297): CDbConnection->open()
#1 /Users/alex/gonzai/projects/go/gmap/ColorMap/framework/db/CDbConnection.php(275): CDbConnection->setActive(true)
#2 /Users/alex/gonzai/projects/go/gmap/ColorMap/framework/base/CModule.php(372): CDbConnection->init()
#3 /Users/alex/gonzai/projects/go/gmap/ColorMap/framework/base/CModule.php(86): CModule->getComponent('db')
#4 /Users/alex/gonzai/projects/go/gmap/ColorMap/app/protected/controllers/SiteController.php(37): CModule->__get('db')
#5 /Users/alex/gonzai/projects/go/gmap/ColorMap/framework/web/actions/CInlineAction.php(50): SiteController->actionTest()
#6 /Users/alex/gonzai/projects/go/gmap/ColorMap/framework/web/CController.php(300): CInlineAction->runWithParams(Array)
#7 /Users/alex/gonzai/projects/go/gmap/ColorMap/framework/web/CController.php(278): CController->runAction(Object(CInlineAction))
#8 /Users/alex/gonzai/projects/go/gmap/ColorMap/framework/web/CController.php(257): CController->runActionWithFilters(Object(CInlineAction), Array)
#9 /Users/alex/gonzai/projects/go/gmap/ColorMap/framework/web/CWebApplication.php(328): CController->run('test')
#10 /Users/alex/gonzai/projects/go/gmap/ColorMap/framework/web/CWebApplication.php(121): CWebApplication->runController('site/test')
#11 /Users/alex/gonzai/projects/go/gmap/ColorMap/framework/base/CApplication.php(155): CWebApplication->processRequest()
#12 /Users/alex/gonzai/projects/go/gmap/ColorMap/app/index.php(13): CApplication->run()
#13 {main} REQUEST_URI=/site/test
2011/05/14 22:06:34 [error] [exception.CDbException] exception 'CDbException' with message 'CDbConnection failed to open the DB connection: could not find driver' in /Users/alex/gonzai/projects/go/gmap/ColorMap/framework/db/CDbConnection.php:348
Stack trace:
#0 /Users/alex/gonzai/projects/go/gmap/ColorMap/framework/db/CDbConnection.php(297): CDbConnection->open()
#1 /Users/alex/gonzai/projects/go/gmap/ColorMap/framework/db/CDbConnection.php(275): CDbConnection->setActive(true)
#2 /Users/alex/gonzai/projects/go/gmap/ColorMap/framework/base/CModule.php(372): CDbConnection->init()
#3 /Users/alex/gonzai/projects/go/gmap/ColorMap/framework/base/CModule.php(86): CModule->getComponent('db')
#4 /Users/alex/gonzai/projects/go/gmap/ColorMap/app/protected/controllers/SiteController.php(37): CModule->__get('db')
#5 /Users/alex/gonzai/projects/go/gmap/ColorMap/framework/web/actions/CInlineAction.php(50): SiteController->actionTest()
#6 /Users/alex/gonzai/projects/go/gmap/ColorMap/framework/web/CController.php(300): CInlineAction->runWithParams(Array)
#7 /Users/alex/gonzai/projects/go/gmap/ColorMap/framework/web/CController.php(278): CController->runAction(Object(CInlineAction))
#8 /Users/alex/gonzai/projects/go/gmap/ColorMap/framework/web/CController.php(257): CController->runActionWithFilters(Object(CInlineAction), Array)
#9 /Users/alex/gonzai/projects/go/gmap/ColorMap/framework/web/CWebApplication.php(328): CController->run('test')
#10 /Users/alex/gonzai/projects/go/gmap/ColorMap/framework/web/CWebApplication.php(121): CWebApplication->runController('site/test')
#11 /Users/alex/gonzai/projects/go/gmap/ColorMap/framework/base/CApplication.php(155): CWebApplication->processRequest()
#12 /Users/alex/gonzai/projects/go/gmap/ColorMap/app/index.php(13): CApplication->run()
#13 {main} REQUEST_URI=/site/test
2011/05/14 22:06:35 [error] [exception.CDbException] exception 'CDbException' with message 'CDbConnection failed to open the DB connection: could not find driver' in /Users/alex/gonzai/projects/go/gmap/ColorMap/framework/db/CDbConnection.php:348
Stack trace:
#0 /Users/alex/gonzai/projects/go/gmap/ColorMap/framework/db/CDbConnection.php(297): CDbConnection->open()
#1 /Users/alex/gonzai/projects/go/gmap/ColorMap/framework/db/CDbConnection.php(275): CDbConnection->setActive(true)
#2 /Users/alex/gonzai/projects/go/gmap/ColorMap/framework/base/CModule.php(372): CDbConnection->init()
#3 /Users/alex/gonzai/projects/go/gmap/ColorMap/framework/base/CModule.php(86): CModule->getComponent('db')
#4 /Users/alex/gonzai/projects/go/gmap/ColorMap/app/protected/controllers/SiteController.php(37): CModule->__get('db')
#5 /Users/alex/gonzai/projects/go/gmap/ColorMap/framework/web/actions/CInlineAction.php(50): SiteController->actionTest()
#6 /Users/alex/gonzai/projects/go/gmap/ColorMap/framework/web/CController.php(300): CInlineAction->runWithParams(Array)
#7 /Users/alex/gonzai/projects/go/gmap/ColorMap/framework/web/CController.php(278): CController->runAction(Object(CInlineAction))
#8 /Users/alex/gonzai/projects/go/gmap/ColorMap/framework/web/CController.php(257): CController->runActionWithFilters(Object(CInlineAction), Array)
#9 /Users/alex/gonzai/projects/go/gmap/ColorMap/framework/web/CWebApplication.php(328): CController->run('test')
#10 /Users/alex/gonzai/projects/go/gmap/ColorMap/framework/web/CWebApplication.php(121): CWebApplication->runController('site/test')
#11 /Users/alex/gonzai/projects/go/gmap/ColorMap/framework/base/CApplication.php(155): CWebApplication->processRequest()
#12 /Users/alex/gonzai/projects/go/gmap/ColorMap/app/index.php(13): CApplication->run()
#13 {main} REQUEST_URI=/site/test
2011/05/14 22:06:35 [error] [exception.CDbException] exception 'CDbException' with message 'CDbConnection failed to open the DB connection: could not find driver' in /Users/alex/gonzai/projects/go/gmap/ColorMap/framework/db/CDbConnection.php:348
Stack trace:
#0 /Users/alex/gonzai/projects/go/gmap/ColorMap/framework/db/CDbConnection.php(297): CDbConnection->open()
#1 /Users/alex/gonzai/projects/go/gmap/ColorMap/framework/db/CDbConnection.php(275): CDbConnection->setActive(true)
#2 /Users/alex/gonzai/projects/go/gmap/ColorMap/framework/base/CModule.php(372): CDbConnection->init()
#3 /Users/alex/gonzai/projects/go/gmap/ColorMap/framework/base/CModule.php(86): CModule->getComponent('db')
#4 /Users/alex/gonzai/projects/go/gmap/ColorMap/app/protected/controllers/SiteController.php(37): CModule->__get('db')
#5 /Users/alex/gonzai/projects/go/gmap/ColorMap/framework/web/actions/CInlineAction.php(50): SiteController->actionTest()
#6 /Users/alex/gonzai/projects/go/gmap/ColorMap/framework/web/CController.php(300): CInlineAction->runWithParams(Array)
#7 /Users/alex/gonzai/projects/go/gmap/ColorMap/framework/web/CController.php(278): CController->runAction(Object(CInlineAction))
#8 /Users/alex/gonzai/projects/go/gmap/ColorMap/framework/web/CController.php(257): CController->runActionWithFilters(Object(CInlineAction), Array)
#9 /Users/alex/gonzai/projects/go/gmap/ColorMap/framework/web/CWebApplication.php(328): CController->run('test')
#10 /Users/alex/gonzai/projects/go/gmap/ColorMap/framework/web/CWebApplication.php(121): CWebApplication->runController('site/test')
#11 /Users/alex/gonzai/projects/go/gmap/ColorMap/framework/base/CApplication.php(155): CWebApplication->processRequest()
#12 /Users/alex/gonzai/projects/go/gmap/ColorMap/app/index.php(13): CApplication->run()
#13 {main} REQUEST_URI=/site/test
2011/05/14 22:06:35 [error] [exception.CDbException] exception 'CDbException' with message 'CDbConnection failed to open the DB connection: could not find driver' in /Users/alex/gonzai/projects/go/gmap/ColorMap/framework/db/CDbConnection.php:348
Stack trace:
#0 /Users/alex/gonzai/projects/go/gmap/ColorMap/framework/db/CDbConnection.php(297): CDbConnection->open()
#1 /Users/alex/gonzai/projects/go/gmap/ColorMap/framework/db/CDbConnection.php(275): CDbConnection->setActive(true)
#2 /Users/alex/gonzai/projects/go/gmap/ColorMap/framework/base/CModule.php(372): CDbConnection->init()
#3 /Users/alex/gonzai/projects/go/gmap/ColorMap/framework/base/CModule.php(86): CModule->getComponent('db')
#4 /Users/alex/gonzai/projects/go/gmap/ColorMap/app/protected/controllers/SiteController.php(37): CModule->__get('db')
#5 /Users/alex/gonzai/projects/go/gmap/ColorMap/framework/web/actions/CInlineAction.php(50): SiteController->actionTest()
#6 /Users/alex/gonzai/projects/go/gmap/ColorMap/framework/web/CController.php(300): CInlineAction->runWithParams(Array)
#7 /Users/alex/gonzai/projects/go/gmap/ColorMap/framework/web/CController.php(278): CController->runAction(Object(CInlineAction))
#8 /Users/alex/gonzai/projects/go/gmap/ColorMap/framework/web/CController.php(257): CController->runActionWithFilters(Object(CInlineAction), Array)
#9 /Users/alex/gonzai/projects/go/gmap/ColorMap/framework/web/CWebApplication.php(328): CController->run('test')
#10 /Users/alex/gonzai/projects/go/gmap/ColorMap/framework/web/CWebApplication.php(121): CWebApplication->runController('site/test')
#11 /Users/alex/gonzai/projects/go/gmap/ColorMap/framework/base/CApplication.php(155): CWebApplication->processRequest()
#12 /Users/alex/gonzai/projects/go/gmap/ColorMap/app/index.php(13): CApplication->run()
#13 {main} REQUEST_URI=/site/test
2011/05/14 22:06:35 [error] [exception.CDbException] exception 'CDbException' with message 'CDbConnection failed to open the DB connection: could not find driver' in /Users/alex/gonzai/projects/go/gmap/ColorMap/framework/db/CDbConnection.php:348
Stack trace:
#0 /Users/alex/gonzai/projects/go/gmap/ColorMap/framework/db/CDbConnection.php(297): CDbConnection->open()
#1 /Users/alex/gonzai/projects/go/gmap/ColorMap/framework/db/CDbConnection.php(275): CDbConnection->setActive(true)
#2 /Users/alex/gonzai/projects/go/gmap/ColorMap/framework/base/CModule.php(372): CDbConnection->init()
#3 /Users/alex/gonzai/projects/go/gmap/ColorMap/framework/base/CModule.php(86): CModule->getComponent('db')
#4 /Users/alex/gonzai/projects/go/gmap/ColorMap/app/protected/controllers/SiteController.php(37): CModule->__get('db')
#5 /Users/alex/gonzai/projects/go/gmap/ColorMap/framework/web/actions/CInlineAction.php(50): SiteController->actionTest()
#6 /Users/alex/gonzai/projects/go/gmap/ColorMap/framework/web/CController.php(300): CInlineAction->runWithParams(Array)
#7 /Users/alex/gonzai/projects/go/gmap/ColorMap/framework/web/CController.php(278): CController->runAction(Object(CInlineAction))
#8 /Users/alex/gonzai/projects/go/gmap/ColorMap/framework/web/CController.php(257): CController->runActionWithFilters(Object(CInlineAction), Array)
#9 /Users/alex/gonzai/projects/go/gmap/ColorMap/framework/web/CWebApplication.php(328): CController->run('test')
#10 /Users/alex/gonzai/projects/go/gmap/ColorMap/framework/web/CWebApplication.php(121): CWebApplication->runController('site/test')
#11 /Users/alex/gonzai/projects/go/gmap/ColorMap/framework/base/CApplication.php(155): CWebApplication->processRequest()
#12 /Users/alex/gonzai/projects/go/gmap/ColorMap/app/index.php(13): CApplication->run()
#13 {main} REQUEST_URI=/site/test
2011/05/14 22:07:13 [error] [exception.CDbException] exception 'CDbException' with message 'CDbConnection failed to open the DB connection: could not find driver' in /Users/alex/gonzai/projects/go/gmap/ColorMap/framework/db/CDbConnection.php:348
Stack trace:
#0 /Users/alex/gonzai/projects/go/gmap/ColorMap/framework/db/CDbConnection.php(297): CDbConnection->open()
#1 /Users/alex/gonzai/projects/go/gmap/ColorMap/framework/db/CDbConnection.php(275): CDbConnection->setActive(true)
#2 /Users/alex/gonzai/projects/go/gmap/ColorMap/framework/base/CModule.php(372): CDbConnection->init()
#3 /Users/alex/gonzai/projects/go/gmap/ColorMap/framework/base/CModule.php(86): CModule->getComponent('db')
#4 /Users/alex/gonzai/projects/go/gmap/ColorMap/app/protected/controllers/SiteController.php(37): CModule->__get('db')
#5 /Users/alex/gonzai/projects/go/gmap/ColorMap/framework/web/actions/CInlineAction.php(50): SiteController->actionTest()
#6 /Users/alex/gonzai/projects/go/gmap/ColorMap/framework/web/CController.php(300): CInlineAction->runWithParams(Array)
#7 /Users/alex/gonzai/projects/go/gmap/ColorMap/framework/web/CController.php(278): CController->runAction(Object(CInlineAction))
#8 /Users/alex/gonzai/projects/go/gmap/ColorMap/framework/web/CController.php(257): CController->runActionWithFilters(Object(CInlineAction), Array)
#9 /Users/alex/gonzai/projects/go/gmap/ColorMap/framework/web/CWebApplication.php(328): CController->run('test')
#10 /Users/alex/gonzai/projects/go/gmap/ColorMap/framework/web/CWebApplication.php(121): CWebApplication->runController('site/test')
#11 /Users/alex/gonzai/projects/go/gmap/ColorMap/framework/base/CApplication.php(155): CWebApplication->processRequest()
#12 /Users/alex/gonzai/projects/go/gmap/ColorMap/app/index.php(13): CApplication->run()
#13 {main} REQUEST_URI=/site/test
2011/05/14 22:08:43 [error] [exception.CHttpException.404] exception 'CHttpException' with message 'The system is unable to find the requested action "css".' in /Users/alex/gonzai/projects/go/gmap/ColorMap/framework/web/CController.php:477
Stack trace:
#0 /Users/alex/gonzai/projects/go/gmap/ColorMap/framework/web/CController.php(262): CController->missingAction('css')
#1 /Users/alex/gonzai/projects/go/gmap/ColorMap/framework/web/CWebApplication.php(328): CController->run('css')
#2 /Users/alex/gonzai/projects/go/gmap/ColorMap/framework/web/CWebApplication.php(121): CWebApplication->runController('site/css/ui-lig...')
#3 /Users/alex/gonzai/projects/go/gmap/ColorMap/framework/base/CApplication.php(155): CWebApplication->processRequest()
#4 /Users/alex/gonzai/projects/go/gmap/ColorMap/app/index.php(13): CApplication->run()
#5 {main} REQUEST_URI=/site/css/ui-lightness/jquery-ui-1.8.12.custom.css
2011/05/14 22:11:23 [error] [exception.CHttpException.404] exception 'CHttpException' with message 'The system is unable to find the requested action "css".' in /Users/alex/gonzai/projects/go/gmap/ColorMap/framework/web/CController.php:477
Stack trace:
#0 /Users/alex/gonzai/projects/go/gmap/ColorMap/framework/web/CController.php(262): CController->missingAction('css')
#1 /Users/alex/gonzai/projects/go/gmap/ColorMap/framework/web/CWebApplication.php(328): CController->run('css')
#2 /Users/alex/gonzai/projects/go/gmap/ColorMap/framework/web/CWebApplication.php(121): CWebApplication->runController('site/css/ui-lig...')
#3 /Users/alex/gonzai/projects/go/gmap/ColorMap/framework/base/CApplication.php(155): CWebApplication->processRequest()
#4 /Users/alex/gonzai/projects/go/gmap/ColorMap/app/index.php(13): CApplication->run()
#5 {main} REQUEST_URI=/site/css/ui-lightness/jquery-ui-1.8.12.custom.css
2011/05/14 23:45:03 [error] [php] include(AjaxController.php) [<a href='function.include'>function.include</a>]: failed to open stream: No such file or directory (/Users/alex/gonzai/projects/go/gmap/ColorMap/framework/YiiBase.php:396)
Stack trace:
#0 /Users/alex/gonzai/projects/go/gmap/ColorMap/app/protected/controllers/KulerController.php(4): spl_autoload_call()
#1 /Users/alex/gonzai/projects/go/gmap/ColorMap/framework/web/CWebApplication.php(396): require()
#2 /Users/alex/gonzai/projects/go/gmap/ColorMap/framework/web/CWebApplication.php(322): CWebApplication->createController()
#3 /Users/alex/gonzai/projects/go/gmap/ColorMap/framework/web/CWebApplication.php(121): CWebApplication->runController()
#4 /Users/alex/gonzai/projects/go/gmap/ColorMap/framework/base/CApplication.php(155): CWebApplication->processRequest()
#5 /Users/alex/gonzai/projects/go/gmap/ColorMap/app/index.php(13): CWebApplication->run()
REQUEST_URI=/kuler
in /Users/alex/gonzai/projects/go/gmap/ColorMap/app/protected/controllers/KulerController.php (4)
in /Users/alex/gonzai/projects/go/gmap/ColorMap/app/index.php (13)
2011/05/14 23:49:32 [error] [exception.CHttpException.404] exception 'CHttpException' with message 'The system is unable to find the requested action "xml".' in /Users/alex/gonzai/projects/go/gmap/ColorMap/framework/web/CController.php:477
Stack trace:
#0 /Users/alex/gonzai/projects/go/gmap/ColorMap/framework/web/CController.php(262): CController->missingAction('xml')
#1 /Users/alex/gonzai/projects/go/gmap/ColorMap/framework/web/CWebApplication.php(328): CController->run('xml')
#2 /Users/alex/gonzai/projects/go/gmap/ColorMap/framework/web/CWebApplication.php(121): CWebApplication->runController('kuler/xml')
#3 /Users/alex/gonzai/projects/go/gmap/ColorMap/framework/base/CApplication.php(155): CWebApplication->processRequest()
#4 /Users/alex/gonzai/projects/go/gmap/ColorMap/app/index.php(13): CApplication->run()
#5 {main} REQUEST_URI=/kuler/xml
2011/05/14 23:49:32 [error] [exception.CHttpException.404] exception 'CHttpException' with message 'The system is unable to find the requested action "css".' in /Users/alex/gonzai/projects/go/gmap/ColorMap/framework/web/CController.php:477
Stack trace:
#0 /Users/alex/gonzai/projects/go/gmap/ColorMap/framework/web/CController.php(262): CController->missingAction('css')
#1 /Users/alex/gonzai/projects/go/gmap/ColorMap/framework/web/CWebApplication.php(328): CController->run('css')
#2 /Users/alex/gonzai/projects/go/gmap/ColorMap/framework/web/CWebApplication.php(121): CWebApplication->runController('kuler/css/ui-li...')
#3 /Users/alex/gonzai/projects/go/gmap/ColorMap/framework/base/CApplication.php(155): CWebApplication->processRequest()
#4 /Users/alex/gonzai/projects/go/gmap/ColorMap/app/index.php(13): CApplication->run()
#5 {main} REQUEST_URI=/kuler/css/ui-lightness/jquery-ui-1.8.12.custom.css
2011/05/14 23:57:21 [error] [exception.CException] exception 'CException' with message 'Property "KulerController.request" is not defined.' in /Users/alex/gonzai/projects/go/gmap/ColorMap/framework/base/CComponent.php:131
Stack trace:
#0 /Users/alex/gonzai/projects/go/gmap/ColorMap/app/protected/components/system/Controller.php(30): CComponent->__get('request')
#1 /Users/alex/gonzai/projects/go/gmap/ColorMap/app/protected/controllers/KulerController.php(22): Controller->ajaxSuccess(Array)
#2 /Users/alex/gonzai/projects/go/gmap/ColorMap/framework/web/actions/CInlineAction.php(50): KulerController->actionRandom()
#3 /Users/alex/gonzai/projects/go/gmap/ColorMap/framework/web/CController.php(300): CInlineAction->runWithParams(Array)
#4 /Users/alex/gonzai/projects/go/gmap/ColorMap/framework/web/CController.php(278): CController->runAction(Object(CInlineAction))
#5 /Users/alex/gonzai/projects/go/gmap/ColorMap/framework/web/CController.php(257): CController->runActionWithFilters(Object(CInlineAction), Array)
#6 /Users/alex/gonzai/projects/go/gmap/ColorMap/framework/web/CWebApplication.php(328): CController->run('random')
#7 /Users/alex/gonzai/projects/go/gmap/ColorMap/framework/web/CWebApplication.php(121): CWebApplication->runController('kuler/random')
#8 /Users/alex/gonzai/projects/go/gmap/ColorMap/framework/base/CApplication.php(155): CWebApplication->processRequest()
#9 /Users/alex/gonzai/projects/go/gmap/ColorMap/app/index.php(13): CApplication->run()
#10 {main} REQUEST_URI=/kuler/random
2011/05/14 23:58:37 [error] [exception.CException] exception 'CException' with message 'KulerController does not have a method named "noStroreHeaders".' in /Users/alex/gonzai/projects/go/gmap/ColorMap/framework/base/CComponent.php:266
Stack trace:
#0 [internal function]: CComponent->__call('noStroreHeaders', Array)
#1 /Users/alex/gonzai/projects/go/gmap/ColorMap/app/protected/components/system/Controller.php(36): KulerController->noStroreHeaders()
#2 /Users/alex/gonzai/projects/go/gmap/ColorMap/app/protected/controllers/KulerController.php(22): Controller->ajaxSuccess(Array)
#3 /Users/alex/gonzai/projects/go/gmap/ColorMap/framework/web/actions/CInlineAction.php(50): KulerController->actionRandom()
#4 /Users/alex/gonzai/projects/go/gmap/ColorMap/framework/web/CController.php(300): CInlineAction->runWithParams(Array)
#5 /Users/alex/gonzai/projects/go/gmap/ColorMap/framework/web/CController.php(278): CController->runAction(Object(CInlineAction))
#6 /Users/alex/gonzai/projects/go/gmap/ColorMap/framework/web/CController.php(257): CController->runActionWithFilters(Object(CInlineAction), Array)
#7 /Users/alex/gonzai/projects/go/gmap/ColorMap/framework/web/CWebApplication.php(328): CController->run('random')
#8 /Users/alex/gonzai/projects/go/gmap/ColorMap/framework/web/CWebApplication.php(121): CWebApplication->runController('kuler/random')
#9 /Users/alex/gonzai/projects/go/gmap/ColorMap/framework/base/CApplication.php(155): CWebApplication->processRequest()
#10 /Users/alex/gonzai/projects/go/gmap/ColorMap/app/index.php(13): CApplication->run()
#11 {main} REQUEST_URI=/kuler/random
2011/05/15 03:39:45 [error] [exception.CHttpException.404] exception 'CHttpException' with message 'Unable to resolve the request "favicon.ico".' in /Users/alex/gonzai/projects/go/gmap/ColorMap/framework/web/CWebApplication.php:332
Stack trace:
#0 /Users/alex/gonzai/projects/go/gmap/ColorMap/framework/web/CWebApplication.php(121): CWebApplication->runController('favicon.ico')
#1 /Users/alex/gonzai/projects/go/gmap/ColorMap/framework/base/CApplication.php(155): CWebApplication->processRequest()
#2 /Users/alex/gonzai/projects/go/gmap/ColorMap/app/index.php(13): CApplication->run()
#3 {main} REQUEST_URI=/favicon.ico
2011/05/15 03:39:47 [error] [exception.CHttpException.404] exception 'CHttpException' with message 'Unable to resolve the request "favicon.ico".' in /Users/alex/gonzai/projects/go/gmap/ColorMap/framework/web/CWebApplication.php:332
Stack trace:
#0 /Users/alex/gonzai/projects/go/gmap/ColorMap/framework/web/CWebApplication.php(121): CWebApplication->runController('favicon.ico')
#1 /Users/alex/gonzai/projects/go/gmap/ColorMap/framework/base/CApplication.php(155): CWebApplication->processRequest()
#2 /Users/alex/gonzai/projects/go/gmap/ColorMap/app/index.php(13): CApplication->run()
#3 {main} REQUEST_URI=/favicon.ico
2011/05/21 19:07:33 [error] [exception.CHttpException.404] exception 'CHttpException' with message 'Unable to resolve the request "favicon.ico".' in /Users/alex/gonzai/projects/go/gmap/ColorMap/framework/web/CWebApplication.php:332
Stack trace:
#0 /Users/alex/gonzai/projects/go/gmap/ColorMap/framework/web/CWebApplication.php(121): CWebApplication->runController('favicon.ico')
#1 /Users/alex/gonzai/projects/go/gmap/ColorMap/framework/base/CApplication.php(155): CWebApplication->processRequest()
#2 /Users/alex/gonzai/projects/go/gmap/ColorMap/app/index.php(13): CApplication->run()
#3 {main} REQUEST_URI=/favicon.ico
2011/05/21 19:07:36 [error] [exception.CHttpException.404] exception 'CHttpException' with message 'Unable to resolve the request "favicon.ico".' in /Users/alex/gonzai/projects/go/gmap/ColorMap/framework/web/CWebApplication.php:332
Stack trace:
#0 /Users/alex/gonzai/projects/go/gmap/ColorMap/framework/web/CWebApplication.php(121): CWebApplication->runController('favicon.ico')
#1 /Users/alex/gonzai/projects/go/gmap/ColorMap/framework/base/CApplication.php(155): CWebApplication->processRequest()
#2 /Users/alex/gonzai/projects/go/gmap/ColorMap/app/index.php(13): CApplication->run()
#3 {main} REQUEST_URI=/favicon.ico
